#
# A fatal error has been detected by the Java Runtime Environment:
#
#  EXCEPTION_ACCESS_VIOLATION (0xc0000005) at pc=0x00007fff6e0153a0, pid=10460, tid=192
#
# JRE version: Java(TM) SE Runtime Environment 18.9 (11.0.13+10) (build 11.0.13+10-LTS-370)
# Java VM: Java HotSpot(TM) 64-Bit Server VM 18.9 (11.0.13+10-LTS-370, mixed mode, tiered, compressed oops, g1 gc, windows-amd64)
# Problematic frame:
# V  [jvm.dll+0x3453a0]
#
# No core dump will be written. Minidumps are not enabled by default on client versions of Windows
#
# If you would like to submit a bug report, please visit:
#   https://bugreport.java.com/bugreport/crash.jsp
#

---------------  S U M M A R Y ------------

Command Line: --add-opens=java.base/java.util=ALL-UNNAMED --add-opens=java.base/java.lang=ALL-UNNAMED --add-opens=java.base/java.lang.invoke=ALL-UNNAMED --add-opens=java.base/java.util=ALL-UNNAMED --add-opens=java.prefs/java.util.prefs=ALL-UNNAMED --add-opens=java.prefs/java.util.prefs=ALL-UNNAMED --add-opens=java.base/java.nio.charset=ALL-UNNAMED --add-opens=java.base/java.net=ALL-UNNAMED --add-opens=java.base/java.util.concurrent.atomic=ALL-UNNAMED -XX:MaxMetaspaceSize=256m -XX:+HeapDumpOnOutOfMemoryError -Xms256m -Xmx512m -Dfile.encoding=windows-1254 -Duser.country=TR -Duser.language=tr -Duser.variant org.gradle.launcher.daemon.bootstrap.GradleDaemon 7.2

Host: Intel(R) Core(TM) i5-4210U CPU @ 1.70GHz, 4 cores, 7G,  Windows 10 , 64 bit Build 19041 (10.0.19041.1503)
Time: Wed Feb  9 20:31:05 2022 Türkiye Standart Saati elapsed time: 700.276682 seconds (0d 0h 11m 40s)

---------------  T H R E A D  ---------------

Current thread (0x00000266f858c000):  JavaThread "C2 CompilerThread0" daemon [_thread_in_native, id=192, stack(0x000000787d700000,0x000000787d800000)]


Current CompileTask:
C2: 700276 32145   !   4       com.android.tools.r8.dex.r::c (2750 bytes)

Stack: [0x000000787d700000,0x000000787d800000],  sp=0x000000787d7fb650,  free space=1005k
Native frames: (J=compiled Java code, j=interpreted, Vv=VM code, C=native code)
V  [jvm.dll+0x3453a0]
V  [jvm.dll+0x33ec8f]
V  [jvm.dll+0x18ca27]
V  [jvm.dll+0x1f8362]
V  [jvm.dll+0x1f743d]
V  [jvm.dll+0x177991]
V  [jvm.dll+0x206d84]
V  [jvm.dll+0x204ebb]
V  [jvm.dll+0x727e70]
V  [jvm.dll+0x720a54]
V  [jvm.dll+0x627606]
C  [ucrtbase.dll+0x21bb2]
C  [KERNEL32.DLL+0x17034]
C  [ntdll.dll+0x52651]


siginfo: EXCEPTION_ACCESS_VIOLATION (0xc0000005), reading address 0x0000026609ccc720


Register to memory mapping:

RIP=0x00007fff6e0153a0 jvm.dll
RAX=0x0 is NULL
RBX=0x000000000000002e is an unknown value
RCX=0x0 is NULL
RDX=0x000002668d692050 points into unknown readable memory: 0x0000000000000000 | 00 00 00 00 00 00 00 00
RSP=0x000000787d7fb650 is pointing into the stack for thread: 0x00000266f858c000
RBP=0x0000000000000008 is an unknown value
RSI=0x00007fff6e7132e8 jvm.dll
RDI=0x00000266f85351f0 points into unknown readable memory: 0x00000266dc813be0 | e0 3b 81 dc 66 02 00 00
R8 =0x0000026609ccc720 is an unknown value
R9 =0x000000787d7fb6a0 is pointing into the stack for thread: 0x00000266f858c000
R10=0x000000000000002e is an unknown value
R11=0x000000787d7fb5b0 is pointing into the stack for thread: 0x00000266f858c000
R12=0x00007fff6dcd0000 jvm.dll
R13=0x0000026684723010 points into unknown readable memory: 0x000002668d39c040 | 40 c0 39 8d 66 02 00 00
R14=0x00000000001c9da0 is an unknown value
R15=0x0000000000001000 is an unknown value


Registers:
RAX=0x0000000000000000, RBX=0x000000000000002e, RCX=0x0000000000000000, RDX=0x000002668d692050
RSP=0x000000787d7fb650, RBP=0x0000000000000008, RSI=0x00007fff6e7132e8, RDI=0x00000266f85351f0
R8 =0x0000026609ccc720, R9 =0x000000787d7fb6a0, R10=0x000000000000002e, R11=0x000000787d7fb5b0
R12=0x00007fff6dcd0000, R13=0x0000026684723010, R14=0x00000000001c9da0, R15=0x0000000000001000
RIP=0x00007fff6e0153a0, EFLAGS=0x0000000000010246

Top of Stack: (sp=0x000000787d7fb650)
0x000000787d7fb650:   000000787d7f0000 0000000000000000
0x000000787d7fb660:   0000000000000ac8 00000266f856c700
0x000000787d7fb670:   000000000000006b 00007fff6e00ec8f
0x000000787d7fb680:   0000000000000001 0000000000002dc9
0x000000787d7fb690:   000000787d7fb7d0 00007fff6e544580
0x000000787d7fb6a0:   00002e0400000000 0000026600000008
0x000000787d7fb6b0:   0000026609ccc720 000000000000002e
0x000000787d7fb6c0:   00000266fdfffbd0 000000000000004c
0x000000787d7fb6d0:   000002668d565df0 0000000000000000
0x000000787d7fb6e0:   0000026684723020 000000787d7fbc68
0x000000787d7fb6f0:   000000787d7fb800 00007fff6de5ca27
0x000000787d7fb700:   000000787d7fbb80 0000000000000000
0x000000787d7fb710:   00000266847233f8 00000000000003d8
0x000000787d7fb720:   00007fff6e4fec00 000000000000000d
0x000000787d7fb730:   00007fff00000006 0000026684723010
0x000000787d7fb740:   00000266899beef0 00000266899c4ea0 

Instructions: (pc=0x00007fff6e0153a0)
0x00007fff6e015380:   49 8b 41 20 41 8b da 4c 8b 04 d8 4c 3b c6 74 7a
0x00007fff6e015390:   33 c0 4d 89 41 10 33 c9 0f 1f 84 00 00 00 00 00
0x00007fff6e0153a0:   42 83 3c 01 00 8d 50 01 0f 85 be 00 00 00 48 83
0x00007fff6e0153b0:   c1 04 8b c2 83 fa 08 72 e7 4d 8b 59 30 4d 85 db 


Stack slot to memory mapping:
stack at sp + 0 slots: 0x000000787d7f0000 is pointing into the stack for thread: 0x00000266f858c000
stack at sp + 1 slots: 0x0 is NULL
stack at sp + 2 slots: 0x0000000000000ac8 is an unknown value
stack at sp + 3 slots: 0x00000266f856c700 points into unknown readable memory: 0x00007fff6e5876b0 | b0 76 58 6e ff 7f 00 00
stack at sp + 4 slots: 0x000000000000006b is an unknown value
stack at sp + 5 slots: 0x00007fff6e00ec8f jvm.dll
stack at sp + 6 slots: 0x0000000000000001 is an unknown value
stack at sp + 7 slots: 0x0000000000002dc9 is an unknown value


---------------  P R O C E S S  ---------------

Threads class SMR info:
_java_thread_list=0x00000266825a24c0, length=101, elements={
0x00000266dc800800, 0x00000266f8562000, 0x00000266f856b000, 0x00000266f8581800,
0x00000266f8584000, 0x00000266f8585000, 0x00000266f858c000, 0x00000266f8596000,
0x00000266f8598800, 0x00000266f9030800, 0x00000266f9e24800, 0x00000266fa54d800,
0x00000266fad2c800, 0x00000266fadaa000, 0x00000266fadae000, 0x00000266fadad800,
0x00000266fada8800, 0x00000266fadac000, 0x00000266fb39d800, 0x00000266fb39c800,
0x00000266fb397800, 0x00000266fb399800, 0x00000266fb39f000, 0x00000266fb3a0000,
0x00000266fe016000, 0x00000266fe446000, 0x00000266feb9e000, 0x00000266febaa800,
0x00000266feba4800, 0x00000266febab000, 0x00000266feba0800, 0x00000266feba3000,
0x00000266feba1800, 0x00000266feb9f800, 0x00000266feb9d000, 0x00000266feba4000,
0x00000266feba2000, 0x00000266feba8800, 0x00000266feba5800, 0x00000266febac000,
0x00000266feba8000, 0x00000266feba6000, 0x00000266feba7000, 0x00000266feba9800,
0x00000266fe011800, 0x00000266fe00f800, 0x00000266fe014800, 0x00000266fe010800,
0x00000266fe012000, 0x00000266fe013000, 0x00000266fe013800, 0x00000266fe00f000,
0x00000266fe019800, 0x00000266fe017000, 0x00000266fe018800, 0x00000266fe018000,
0x00000266fe01a000, 0x00000266fe01b000, 0x00000266fe015800, 0x00000266fe01c000,
0x00000266fe01c800, 0x00000266fe01d800, 0x00000266fe440000, 0x00000266fe446800,
0x00000266fe441000, 0x00000266fe442800, 0x00000266fe445000, 0x00000266fe447800,
0x00000266fe444000, 0x00000266fe442000, 0x00000266fe448800, 0x00000266fe449000,
0x00000266fe443800, 0x00000266fe44a000, 0x00000266fe44b000, 0x00000266fe44c800,
0x00000266fe44b800, 0x00000266fe44d000, 0x00000266fe44e000, 0x000002668317d800,
0x0000026683181000, 0x0000026683180000, 0x000002668317e800, 0x000002668317b000,
0x000002668317f000, 0x0000026683181800, 0x000002668317c000, 0x0000026683182800,
0x000002668317c800, 0x0000026683185000, 0x00000266fef55000, 0x0000026683185800,
0x0000026683187800, 0x0000026683188000, 0x0000026683184000, 0x0000026683189000,
0x00000266fb39a000, 0x00000266fb39b000, 0x00000266fb3a4800, 0x00000266fb3a4000,
0x00000266fb3a1800
}

Java Threads: ( => current thread )
  0x00000266dc800800 JavaThread "main" [_thread_blocked, id=9804, stack(0x000000787cb00000,0x000000787cc00000)]
  0x00000266f8562000 JavaThread "Reference Handler" daemon [_thread_blocked, id=1188, stack(0x000000787d200000,0x000000787d300000)]
  0x00000266f856b000 JavaThread "Finalizer" daemon [_thread_blocked, id=1316, stack(0x000000787d300000,0x000000787d400000)]
  0x00000266f8581800 JavaThread "Signal Dispatcher" daemon [_thread_blocked, id=12132, stack(0x000000787d400000,0x000000787d500000)]
  0x00000266f8584000 JavaThread "Attach Listener" daemon [_thread_blocked, id=8028, stack(0x000000787d500000,0x000000787d600000)]
  0x00000266f8585000 JavaThread "Service Thread" daemon [_thread_blocked, id=10624, stack(0x000000787d600000,0x000000787d700000)]
=>0x00000266f858c000 JavaThread "C2 CompilerThread0" daemon [_thread_in_native, id=192, stack(0x000000787d700000,0x000000787d800000)]
  0x00000266f8596000 JavaThread "C1 CompilerThread0" daemon [_thread_in_native, id=10712, stack(0x000000787d800000,0x000000787d900000)]
  0x00000266f8598800 JavaThread "Sweeper thread" daemon [_thread_blocked, id=8084, stack(0x000000787d900000,0x000000787da00000)]
  0x00000266f9030800 JavaThread "Common-Cleaner" daemon [_thread_blocked, id=1296, stack(0x000000787da00000,0x000000787db00000)]
  0x00000266f9e24800 JavaThread "Daemon health stats" [_thread_blocked, id=4448, stack(0x000000787e000000,0x000000787e100000)]
  0x00000266fa54d800 JavaThread "Incoming local TCP Connector on port 60909" [_thread_in_native, id=12112, stack(0x000000787dc00000,0x000000787dd00000)]
  0x00000266fad2c800 JavaThread "Daemon periodic checks" [_thread_blocked, id=7704, stack(0x000000787e100000,0x000000787e200000)]
  0x00000266fadaa000 JavaThread "Cache worker for journal cache (C:\Users\Hamza\.gradle\caches\journal-1)" [_thread_blocked, id=2652, stack(0x000000787e900000,0x000000787ea00000)]
  0x00000266fadae000 JavaThread "File lock request listener" [_thread_in_native, id=6416, stack(0x000000787ea00000,0x000000787eb00000)]
  0x00000266fadad800 JavaThread "Cache worker for file hash cache (C:\Users\Hamza\.gradle\caches\7.2\fileHashes)" [_thread_blocked, id=10864, stack(0x000000787eb00000,0x000000787ec00000)]
  0x00000266fada8800 JavaThread "File watcher server" daemon [_thread_in_native, id=7628, stack(0x000000787ee00000,0x000000787ef00000)]
  0x00000266fadac000 JavaThread "File watcher consumer" daemon [_thread_blocked, id=12076, stack(0x000000787ef00000,0x000000787f000000)]
  0x00000266fb39d800 JavaThread "Cache worker for execution history cache (C:\Users\Hamza\.gradle\caches\7.2\executionHistory)" [_thread_blocked, id=8448, stack(0x000000787f300000,0x000000787f400000)]
  0x00000266fb39c800 JavaThread "jar transforms" [_thread_blocked, id=11852, stack(0x000000787f400000,0x000000787f500000)]
  0x00000266fb397800 JavaThread "jar transforms Thread 2" [_thread_blocked, id=3544, stack(0x000000787f500000,0x000000787f600000)]
  0x00000266fb399800 JavaThread "Cache worker for file content cache (C:\Users\Hamza\.gradle\caches\7.2\fileContent)" [_thread_blocked, id=7424, stack(0x000000787f600000,0x000000787f700000)]
  0x00000266fb39f000 JavaThread "jar transforms Thread 3" [_thread_blocked, id=10640, stack(0x000000787f700000,0x000000787f800000)]
  0x00000266fb3a0000 JavaThread "jar transforms Thread 4" [_thread_blocked, id=5880, stack(0x000000787f800000,0x000000787f900000)]
  0x00000266fe016000 JavaThread "Memory manager" [_thread_blocked, id=5704, stack(0x0000007802400000,0x0000007802500000)]
  0x00000266fe446000 JavaThread "Cache worker for Java compile cache (C:\Users\Hamza\.gradle\caches\7.2\javaCompile)" [_thread_blocked, id=11356, stack(0x0000007802e00000,0x0000007802f00000)]
  0x00000266feb9e000 JavaThread "RMI Scheduler(0)" daemon [_thread_blocked, id=4972, stack(0x0000007804800000,0x0000007804900000)]
  0x00000266febaa800 JavaThread "RMI GC Daemon" daemon [_thread_blocked, id=8636, stack(0x0000007804f00000,0x0000007805000000)]
  0x00000266feba4800 JavaThread "RMI TCP Accept-0" daemon [_thread_in_native, id=10376, stack(0x0000007805100000,0x0000007805200000)]
  0x00000266febab000 JavaThread "RMI Reaper" [_thread_blocked, id=11500, stack(0x0000007805200000,0x0000007805300000)]
  0x00000266feba0800 JavaThread "Daemon Thread 3" [_thread_blocked, id=5988, stack(0x0000007800300000,0x0000007800400000)]
  0x00000266feba3000 JavaThread "Handler for socket connection from /127.0.0.1:60909 to /127.0.0.1:58854" [_thread_in_native, id=5772, stack(0x0000007800400000,0x0000007800500000)]
  0x00000266feba1800 JavaThread "Cancel handler" [_thread_blocked, id=8316, stack(0x0000007800500000,0x0000007800600000)]
  0x00000266feb9f800 JavaThread "Daemon worker Thread 3" [_thread_blocked, id=3860, stack(0x0000007800600000,0x0000007800700000)]
  0x00000266feb9d000 JavaThread "Asynchronous log dispatcher for DefaultDaemonConnection: socket connection from /127.0.0.1:60909 to /127.0.0.1:58854" [_thread_blocked, id=9464, stack(0x0000007800700000,0x0000007800800000)]
  0x00000266feba4000 JavaThread "Stdin handler" [_thread_blocked, id=8208, stack(0x0000007800800000,0x0000007800900000)]
  0x00000266feba2000 JavaThread "Daemon client event forwarder" [_thread_blocked, id=616, stack(0x0000007800900000,0x0000007800a00000)]
  0x00000266feba8800 JavaThread "Cache worker for file hash cache (C:\Users\Hamza\Downloads\banane\android\.gradle\7.2\fileHashes)" [_thread_blocked, id=9376, stack(0x0000007800a00000,0x0000007800b00000)]
  0x00000266feba5800 JavaThread "Cache worker for checksums cache (C:\Users\Hamza\Downloads\banane\android\.gradle\checksums)" [_thread_blocked, id=11228, stack(0x0000007800b00000,0x0000007800c00000)]
  0x00000266febac000 JavaThread "Cache worker for cache directory md-supplier (C:\Users\Hamza\.gradle\caches\7.2\md-supplier)" [_thread_blocked, id=5068, stack(0x0000007800c00000,0x0000007800d00000)]
  0x00000266feba8000 JavaThread "Cache worker for cache directory md-rule (C:\Users\Hamza\.gradle\caches\7.2\md-rule)" [_thread_blocked, id=1196, stack(0x0000007800d00000,0x0000007800e00000)]
  0x00000266feba6000 JavaThread "Cache worker for dependencies-accessors (C:\Users\Hamza\Downloads\banane\android\.gradle\7.2\dependencies-accessors)" [_thread_blocked, id=11728, stack(0x0000007800e00000,0x0000007800f00000)]
  0x00000266feba7000 JavaThread "Cache worker for Build Output Cleanup Cache (C:\Users\Hamza\Downloads\banane\android\.gradle\buildOutputCleanup)" [_thread_blocked, id=8856, stack(0x0000007801000000,0x0000007801100000)]
  0x00000266feba9800 JavaThread "Unconstrained build operations" [_thread_blocked, id=12200, stack(0x0000007801200000,0x0000007801300000)]
  0x00000266fe011800 JavaThread "Unconstrained build operations Thread 2" [_thread_blocked, id=10368, stack(0x0000007801300000,0x0000007801400000)]
  0x00000266fe00f800 JavaThread "Unconstrained build operations Thread 3" [_thread_blocked, id=10216, stack(0x0000007801400000,0x0000007801500000)]
  0x00000266fe014800 JavaThread "Unconstrained build operations Thread 4" [_thread_blocked, id=12188, stack(0x0000007801500000,0x0000007801600000)]
  0x00000266fe010800 JavaThread "Unconstrained build operations Thread 5" [_thread_blocked, id=11260, stack(0x0000007801600000,0x0000007801700000)]
  0x00000266fe012000 JavaThread "Unconstrained build operations Thread 6" [_thread_blocked, id=12224, stack(0x0000007801700000,0x0000007801800000)]
  0x00000266fe013000 JavaThread "Unconstrained build operations Thread 7" [_thread_blocked, id=6648, stack(0x0000007801800000,0x0000007801900000)]
  0x00000266fe013800 JavaThread "Unconstrained build operations Thread 8" [_thread_blocked, id=2604, stack(0x0000007801900000,0x0000007801a00000)]
  0x00000266fe00f000 JavaThread "Unconstrained build operations Thread 9" [_thread_blocked, id=10436, stack(0x0000007801a00000,0x0000007801b00000)]
  0x00000266fe019800 JavaThread "Unconstrained build operations Thread 10" [_thread_blocked, id=3820, stack(0x0000007801b00000,0x0000007801c00000)]
  0x00000266fe017000 JavaThread "Unconstrained build operations Thread 11" [_thread_blocked, id=7284, stack(0x0000007801c00000,0x0000007801d00000)]
  0x00000266fe018800 JavaThread "Unconstrained build operations Thread 12" [_thread_blocked, id=11520, stack(0x0000007801d00000,0x0000007801e00000)]
  0x00000266fe018000 JavaThread "Unconstrained build operations Thread 13" [_thread_blocked, id=6436, stack(0x0000007801e00000,0x0000007801f00000)]
  0x00000266fe01a000 JavaThread "Unconstrained build operations Thread 14" [_thread_blocked, id=2412, stack(0x0000007801f00000,0x0000007802000000)]
  0x00000266fe01b000 JavaThread "Unconstrained build operations Thread 15" [_thread_blocked, id=11760, stack(0x0000007802000000,0x0000007802100000)]
  0x00000266fe015800 JavaThread "Unconstrained build operations Thread 16" [_thread_blocked, id=8964, stack(0x0000007802100000,0x0000007802200000)]
  0x00000266fe01c000 JavaThread "Unconstrained build operations Thread 17" [_thread_blocked, id=6220, stack(0x0000007802200000,0x0000007802300000)]
  0x00000266fe01c800 JavaThread "Unconstrained build operations Thread 18" [_thread_blocked, id=10564, stack(0x0000007802300000,0x0000007802400000)]
  0x00000266fe01d800 JavaThread "Unconstrained build operations Thread 19" [_thread_blocked, id=11652, stack(0x0000007802500000,0x0000007802600000)]
  0x00000266fe440000 JavaThread "Unconstrained build operations Thread 20" [_thread_blocked, id=11020, stack(0x0000007802600000,0x0000007802700000)]
  0x00000266fe446800 JavaThread "Unconstrained build operations Thread 21" [_thread_blocked, id=10136, stack(0x0000007802700000,0x0000007802800000)]
  0x00000266fe441000 JavaThread "Unconstrained build operations Thread 22" [_thread_blocked, id=7096, stack(0x0000007802800000,0x0000007802900000)]
  0x00000266fe442800 JavaThread "Unconstrained build operations Thread 23" [_thread_blocked, id=2320, stack(0x0000007802900000,0x0000007802a00000)]
  0x00000266fe445000 JavaThread "Unconstrained build operations Thread 24" [_thread_blocked, id=8732, stack(0x0000007802a00000,0x0000007802b00000)]
  0x00000266fe447800 JavaThread "Unconstrained build operations Thread 25" [_thread_blocked, id=11364, stack(0x0000007802b00000,0x0000007802c00000)]
  0x00000266fe444000 JavaThread "Unconstrained build operations Thread 26" [_thread_blocked, id=11452, stack(0x0000007802c00000,0x0000007802d00000)]
  0x00000266fe442000 JavaThread "Unconstrained build operations Thread 27" [_thread_blocked, id=11300, stack(0x0000007802d00000,0x0000007802e00000)]
  0x00000266fe448800 JavaThread "Unconstrained build operations Thread 28" [_thread_blocked, id=10288, stack(0x0000007802f00000,0x0000007803000000)]
  0x00000266fe449000 JavaThread "Unconstrained build operations Thread 29" [_thread_blocked, id=1572, stack(0x0000007803000000,0x0000007803100000)]
  0x00000266fe443800 JavaThread "Unconstrained build operations Thread 30" [_thread_blocked, id=4188, stack(0x0000007803100000,0x0000007803200000)]
  0x00000266fe44a000 JavaThread "Unconstrained build operations Thread 31" [_thread_blocked, id=8804, stack(0x0000007803200000,0x0000007803300000)]
  0x00000266fe44b000 JavaThread "Unconstrained build operations Thread 32" [_thread_blocked, id=5568, stack(0x0000007803300000,0x0000007803400000)]
  0x00000266fe44c800 JavaThread "Unconstrained build operations Thread 33" [_thread_blocked, id=3664, stack(0x0000007803400000,0x0000007803500000)]
  0x00000266fe44b800 JavaThread "Unconstrained build operations Thread 34" [_thread_blocked, id=6032, stack(0x0000007803500000,0x0000007803600000)]
  0x00000266fe44d000 JavaThread "Unconstrained build operations Thread 35" [_thread_blocked, id=8500, stack(0x0000007803600000,0x0000007803700000)]
  0x00000266fe44e000 JavaThread "Unconstrained build operations Thread 36" [_thread_blocked, id=11312, stack(0x0000007803700000,0x0000007803800000)]
  0x000002668317d800 JavaThread "Unconstrained build operations Thread 37" [_thread_blocked, id=8508, stack(0x0000007803800000,0x0000007803900000)]
  0x0000026683181000 JavaThread "Unconstrained build operations Thread 38" [_thread_blocked, id=9544, stack(0x0000007803900000,0x0000007803a00000)]
  0x0000026683180000 JavaThread "Unconstrained build operations Thread 39" [_thread_blocked, id=7940, stack(0x0000007803a00000,0x0000007803b00000)]
  0x000002668317e800 JavaThread "Unconstrained build operations Thread 40" [_thread_blocked, id=7856, stack(0x0000007803b00000,0x0000007803c00000)]
  0x000002668317b000 JavaThread "build event listener" [_thread_blocked, id=6468, stack(0x0000007800200000,0x0000007800300000)]
  0x000002668317f000 JavaThread "Execution worker for ':'" [_thread_in_vm, id=10668, stack(0x0000007801100000,0x0000007801200000)]
  0x0000026683181800 JavaThread "Execution worker for ':' Thread 2" [_thread_in_Java, id=4840, stack(0x0000007803c00000,0x0000007803d00000)]
  0x000002668317c000 JavaThread "Execution worker for ':' Thread 3" [_thread_blocked, id=12216, stack(0x0000007803d00000,0x0000007803e00000)]
  0x0000026683182800 JavaThread "Cache worker for execution history cache (C:\Users\Hamza\Downloads\banane\android\.gradle\7.2\executionHistory)" [_thread_blocked, id=11744, stack(0x0000007803e00000,0x0000007803f00000)]
  0x000002668317c800 JavaThread "WorkerExecutor Queue" [_thread_blocked, id=9924, stack(0x0000007803f00000,0x0000007804000000)]
  0x0000026683185000 JavaThread "WorkerExecutor Queue Thread 2" [_thread_blocked, id=10396, stack(0x0000007804000000,0x0000007804100000)]
  0x00000266fef55000 JavaThread "C2 CompilerThread1" daemon [_thread_in_native, id=10856, stack(0x0000007800000000,0x0000007800100000)]
  0x0000026683185800 JavaThread "Build operations" [_thread_blocked, id=11548, stack(0x0000007804100000,0x0000007804200000)]
  0x0000026683187800 JavaThread "Build operations Thread 2" [_thread_blocked, id=11052, stack(0x0000007804200000,0x0000007804300000)]
  0x0000026683188000 JavaThread "Build operations Thread 3" [_thread_blocked, id=4312, stack(0x0000007804300000,0x0000007804400000)]
  0x0000026683184000 JavaThread "Build operations Thread 4" [_thread_blocked, id=4956, stack(0x0000007804400000,0x0000007804500000)]
  0x0000026683189000 JavaThread "WorkerExecutor Queue Thread 3" [_thread_blocked, id=5608, stack(0x0000007804600000,0x0000007804700000)]
  0x00000266fb39a000 JavaThread "WorkerExecutor Queue Thread 4" [_thread_in_native, id=11952, stack(0x0000007804700000,0x0000007804800000)]
  0x00000266fb39b000 JavaThread "ForkJoinPool-2-worker-3" daemon [_thread_blocked, id=12152, stack(0x0000007804a00000,0x0000007804b00000)]
  0x00000266fb3a4800 JavaThread "ForkJoinPool-2-worker-5" daemon [_thread_in_Java, id=11164, stack(0x0000007804b00000,0x0000007804c00000)]
  0x00000266fb3a4000 JavaThread "ForkJoinPool-2-worker-7" daemon [_thread_blocked, id=2520, stack(0x0000007804c00000,0x0000007804d00000)]
  0x00000266fb3a1800 JavaThread "ForkJoinPool-2-worker-1" daemon [_thread_blocked, id=5468, stack(0x0000007804d00000,0x0000007804e00000)]

Other Threads:
  0x00000266f855d800 VMThread "VM Thread" [stack: 0x000000787d100000,0x000000787d200000] [id=10628]
  0x00000266f9073800 WatcherThread [stack: 0x000000787db00000,0x000000787dc00000] [id=12140]
  0x00000266dc816000 GCTaskThread "GC Thread#0" [stack: 0x000000787cc00000,0x000000787cd00000] [id=10756]
  0x00000266f91e7800 GCTaskThread "GC Thread#1" [stack: 0x000000787dd00000,0x000000787de00000] [id=8480]
  0x00000266f91a7000 GCTaskThread "GC Thread#2" [stack: 0x000000787de00000,0x000000787df00000] [id=10928]
  0x00000266f948c800 GCTaskThread "GC Thread#3" [stack: 0x000000787df00000,0x000000787e000000] [id=5072]
  0x00000266dc822000 ConcurrentGCThread "G1 Main Marker" [stack: 0x000000787cd00000,0x000000787ce00000] [id=9632]
  0x00000266dc823000 ConcurrentGCThread "G1 Conc#0" [stack: 0x000000787ce00000,0x000000787cf00000] [id=11240]
  0x00000266f83d6800 ConcurrentGCThread "G1 Refine#0" [stack: 0x000000787cf00000,0x000000787d000000] [id=8724]
  0x00000266fcb31800 ConcurrentGCThread "G1 Refine#1" [stack: 0x0000007800100000,0x0000007800200000] [id=11564]
  0x00000266fc858000 ConcurrentGCThread "G1 Refine#2" [stack: 0x0000007800f00000,0x0000007801000000] [id=976]
  0x00000266fb55c800 ConcurrentGCThread "G1 Refine#3" [stack: 0x0000007804500000,0x0000007804600000] [id=8112]
  0x00000266f83d7000 ConcurrentGCThread "G1 Young RemSet Sampling" [stack: 0x000000787d000000,0x000000787d100000] [id=6196]

Threads with active compile tasks:
C2 CompilerThread0 700383 32145   !   4       com.android.tools.r8.dex.r::c (2750 bytes)
C2 CompilerThread1 700383 32218       4       org.gradle.internal.fingerprint.classpath.impl.ClasspathFingerprintingStrategy$ClasspathFingerprintingVisitor$1::visitRegularFile (132 bytes)

VM state:not at safepoint (normal execution)

VM Mutex/Monitor currently owned by a thread: None

Heap address: 0x00000000e0000000, size: 512 MB, Compressed Oops mode: 32-bit
Narrow klass base: 0x0000000000000000, Narrow klass shift: 3
Compressed class space size: 260046848 Address: 0x0000000100000000

Heap:
 garbage-first heap   total 390144K, used 304088K [0x00000000e0000000, 0x0000000100000000)
  region size 1024K, 17 young (17408K), 4 survivors (4096K)
 Metaspace       used 140415K, capacity 145589K, committed 145612K, reserved 380928K
  class space    used 17137K, capacity 19131K, committed 19148K, reserved 253952K
Heap Regions: E=young(eden), S=young(survivor), O=old, HS=humongous(starts), HC=humongous(continues), CS=collection set, F=free, A=archive, TAMS=top-at-mark-start (previous, next)
|   0|0x00000000e0000000, 0x00000000e0100000, 0x00000000e0100000|100%| O|  |TAMS 0x00000000e0100000, 0x00000000e0000000| Untracked 
|   1|0x00000000e0100000, 0x00000000e0200000, 0x00000000e0200000|100%| O|  |TAMS 0x00000000e0200000, 0x00000000e0100000| Untracked 
|   2|0x00000000e0200000, 0x00000000e0300000, 0x00000000e0300000|100%| O|  |TAMS 0x00000000e0300000, 0x00000000e0200000| Complete 
|   3|0x00000000e0300000, 0x00000000e0400000, 0x00000000e0400000|100%|HS|  |TAMS 0x00000000e0400000, 0x00000000e0300000| Complete 
|   4|0x00000000e0400000, 0x00000000e0500000, 0x00000000e0500000|100%|HC|  |TAMS 0x00000000e0500000, 0x00000000e0400000| Complete 
|   5|0x00000000e0500000, 0x00000000e0600000, 0x00000000e0600000|100%|HC|  |TAMS 0x00000000e0600000, 0x00000000e0500000| Complete 
|   6|0x00000000e0600000, 0x00000000e0700000, 0x00000000e0700000|100%| O|  |TAMS 0x00000000e0700000, 0x00000000e0600000| Untracked 
|   7|0x00000000e0700000, 0x00000000e0800000, 0x00000000e0800000|100%| O|  |TAMS 0x00000000e0800000, 0x00000000e0700000| Untracked 
|   8|0x00000000e0800000, 0x00000000e0900000, 0x00000000e0900000|100%| O|  |TAMS 0x00000000e0900000, 0x00000000e0800000| Complete 
|   9|0x00000000e0900000, 0x00000000e0a00000, 0x00000000e0a00000|100%| O|  |TAMS 0x00000000e0a00000, 0x00000000e0900000| Complete 
|  10|0x00000000e0a00000, 0x00000000e0b00000, 0x00000000e0b00000|100%| O|  |TAMS 0x00000000e0b00000, 0x00000000e0a00000| Complete 
|  11|0x00000000e0b00000, 0x00000000e0c00000, 0x00000000e0c00000|100%| O|  |TAMS 0x00000000e0c00000, 0x00000000e0b00000| Untracked 
|  12|0x00000000e0c00000, 0x00000000e0d00000, 0x00000000e0d00000|100%| O|  |TAMS 0x00000000e0d00000, 0x00000000e0c00000| Untracked 
|  13|0x00000000e0d00000, 0x00000000e0e00000, 0x00000000e0e00000|100%| O|  |TAMS 0x00000000e0e00000, 0x00000000e0d00000| Untracked 
|  14|0x00000000e0e00000, 0x00000000e0f00000, 0x00000000e0f00000|100%| O|  |TAMS 0x00000000e0f00000, 0x00000000e0e00000| Untracked 
|  15|0x00000000e0f00000, 0x00000000e1000000, 0x00000000e1000000|100%| O|  |TAMS 0x00000000e1000000, 0x00000000e0f00000| Untracked 
|  16|0x00000000e1000000, 0x00000000e1100000, 0x00000000e1100000|100%|HS|  |TAMS 0x00000000e1100000, 0x00000000e1000000| Complete 
|  17|0x00000000e1100000, 0x00000000e1200000, 0x00000000e1200000|100%|HS|  |TAMS 0x00000000e1200000, 0x00000000e1100000| Complete 
|  18|0x00000000e1200000, 0x00000000e1300000, 0x00000000e1300000|100%|HC|  |TAMS 0x00000000e1300000, 0x00000000e1200000| Complete 
|  19|0x00000000e1300000, 0x00000000e1400000, 0x00000000e1400000|100%| O|  |TAMS 0x00000000e1400000, 0x00000000e1300000| Untracked 
|  20|0x00000000e1400000, 0x00000000e1500000, 0x00000000e1500000|100%| O|  |TAMS 0x00000000e1500000, 0x00000000e1400000| Complete 
|  21|0x00000000e1500000, 0x00000000e1600000, 0x00000000e1600000|100%| O|  |TAMS 0x00000000e1600000, 0x00000000e1500000| Complete 
|  22|0x00000000e1600000, 0x00000000e1700000, 0x00000000e1700000|100%| O|  |TAMS 0x00000000e1700000, 0x00000000e1600000| Untracked 
|  23|0x00000000e1700000, 0x00000000e1800000, 0x00000000e1800000|100%| O|  |TAMS 0x00000000e1800000, 0x00000000e1700000| Untracked 
|  24|0x00000000e1800000, 0x00000000e1900000, 0x00000000e1900000|100%| O|  |TAMS 0x00000000e1900000, 0x00000000e1800000| Complete 
|  25|0x00000000e1900000, 0x00000000e1a00000, 0x00000000e1a00000|100%| O|  |TAMS 0x00000000e1a00000, 0x00000000e1900000| Complete 
|  26|0x00000000e1a00000, 0x00000000e1b00000, 0x00000000e1b00000|100%| O|  |TAMS 0x00000000e1b00000, 0x00000000e1a00000| Complete 
|  27|0x00000000e1b00000, 0x00000000e1c00000, 0x00000000e1c00000|100%| O|  |TAMS 0x00000000e1c00000, 0x00000000e1b00000| Complete 
|  28|0x00000000e1c00000, 0x00000000e1d00000, 0x00000000e1d00000|100%| O|  |TAMS 0x00000000e1d00000, 0x00000000e1c00000| Complete 
|  29|0x00000000e1d00000, 0x00000000e1e00000, 0x00000000e1e00000|100%| O|  |TAMS 0x00000000e1e00000, 0x00000000e1d00000| Untracked 
|  30|0x00000000e1e00000, 0x00000000e1f00000, 0x00000000e1f00000|100%| O|  |TAMS 0x00000000e1f00000, 0x00000000e1e00000| Untracked 
|  31|0x00000000e1f00000, 0x00000000e2000000, 0x00000000e2000000|100%| O|  |TAMS 0x00000000e2000000, 0x00000000e1f00000| Untracked 
|  32|0x00000000e2000000, 0x00000000e2100000, 0x00000000e2100000|100%| O|  |TAMS 0x00000000e2100000, 0x00000000e2000000| Untracked 
|  33|0x00000000e2100000, 0x00000000e2200000, 0x00000000e2200000|100%| O|  |TAMS 0x00000000e2200000, 0x00000000e2100000| Untracked 
|  34|0x00000000e2200000, 0x00000000e2300000, 0x00000000e2300000|100%| O|  |TAMS 0x00000000e2300000, 0x00000000e2200000| Complete 
|  35|0x00000000e2300000, 0x00000000e2400000, 0x00000000e2400000|100%| O|  |TAMS 0x00000000e2400000, 0x00000000e2300000| Untracked 
|  36|0x00000000e2400000, 0x00000000e2500000, 0x00000000e2500000|100%| O|  |TAMS 0x00000000e2500000, 0x00000000e2400000| Untracked 
|  37|0x00000000e2500000, 0x00000000e2600000, 0x00000000e2600000|100%| O|  |TAMS 0x00000000e2600000, 0x00000000e2500000| Untracked 
|  38|0x00000000e2600000, 0x00000000e2700000, 0x00000000e2700000|100%|HS|  |TAMS 0x00000000e2600000, 0x00000000e2600000| Complete 
|  39|0x00000000e2700000, 0x00000000e2800000, 0x00000000e2800000|100%| O|  |TAMS 0x00000000e2800000, 0x00000000e2700000| Complete 
|  40|0x00000000e2800000, 0x00000000e2900000, 0x00000000e2900000|100%|HS|  |TAMS 0x00000000e2900000, 0x00000000e2800000| Complete 
|  41|0x00000000e2900000, 0x00000000e2a00000, 0x00000000e2a00000|100%| O|  |TAMS 0x00000000e2a00000, 0x00000000e2900000| Untracked 
|  42|0x00000000e2a00000, 0x00000000e2b00000, 0x00000000e2b00000|100%| O|  |TAMS 0x00000000e2b00000, 0x00000000e2a00000| Untracked 
|  43|0x00000000e2b00000, 0x00000000e2c00000, 0x00000000e2c00000|100%| O|  |TAMS 0x00000000e2c00000, 0x00000000e2b00000| Untracked 
|  44|0x00000000e2c00000, 0x00000000e2d00000, 0x00000000e2d00000|100%| O|  |TAMS 0x00000000e2d00000, 0x00000000e2c00000| Untracked 
|  45|0x00000000e2d00000, 0x00000000e2e00000, 0x00000000e2e00000|100%| O|  |TAMS 0x00000000e2e00000, 0x00000000e2d00000| Untracked 
|  46|0x00000000e2e00000, 0x00000000e2f00000, 0x00000000e2f00000|100%|HS|  |TAMS 0x00000000e2f00000, 0x00000000e2e00000| Complete 
|  47|0x00000000e2f00000, 0x00000000e3000000, 0x00000000e3000000|100%|HC|  |TAMS 0x00000000e3000000, 0x00000000e2f00000| Complete 
|  48|0x00000000e3000000, 0x00000000e3100000, 0x00000000e3100000|100%|HC|  |TAMS 0x00000000e3100000, 0x00000000e3000000| Complete 
|  49|0x00000000e3100000, 0x00000000e3200000, 0x00000000e3200000|100%| O|  |TAMS 0x00000000e3200000, 0x00000000e3100000| Untracked 
|  50|0x00000000e3200000, 0x00000000e3300000, 0x00000000e3300000|100%| O|  |TAMS 0x00000000e3300000, 0x00000000e3200000| Complete 
|  51|0x00000000e3300000, 0x00000000e3400000, 0x00000000e3400000|100%| O|  |TAMS 0x00000000e3400000, 0x00000000e3300000| Complete 
|  52|0x00000000e3400000, 0x00000000e3500000, 0x00000000e3500000|100%|HS|  |TAMS 0x00000000e3400000, 0x00000000e3400000| Complete 
|  53|0x00000000e3500000, 0x00000000e3600000, 0x00000000e3600000|100%| O|  |TAMS 0x00000000e3600000, 0x00000000e3500000| Untracked 
|  54|0x00000000e3600000, 0x00000000e3700000, 0x00000000e3700000|100%| O|  |TAMS 0x00000000e3700000, 0x00000000e3600000| Untracked 
|  55|0x00000000e3700000, 0x00000000e3800000, 0x00000000e3800000|100%| O|  |TAMS 0x00000000e3800000, 0x00000000e3700000| Complete 
|  56|0x00000000e3800000, 0x00000000e3900000, 0x00000000e3900000|100%| O|  |TAMS 0x00000000e3900000, 0x00000000e3800000| Untracked 
|  57|0x00000000e3900000, 0x00000000e3a00000, 0x00000000e3a00000|100%| O|  |TAMS 0x00000000e3a00000, 0x00000000e3900000| Untracked 
|  58|0x00000000e3a00000, 0x00000000e3b00000, 0x00000000e3b00000|100%| O|  |TAMS 0x00000000e3b00000, 0x00000000e3a00000| Untracked 
|  59|0x00000000e3b00000, 0x00000000e3c00000, 0x00000000e3c00000|100%| O|  |TAMS 0x00000000e3c00000, 0x00000000e3b00000| Untracked 
|  60|0x00000000e3c00000, 0x00000000e3d00000, 0x00000000e3d00000|100%| O|  |TAMS 0x00000000e3d00000, 0x00000000e3c00000| Untracked 
|  61|0x00000000e3d00000, 0x00000000e3e00000, 0x00000000e3e00000|100%| O|  |TAMS 0x00000000e3e00000, 0x00000000e3d00000| Untracked 
|  62|0x00000000e3e00000, 0x00000000e3f00000, 0x00000000e3f00000|100%|HS|  |TAMS 0x00000000e3f00000, 0x00000000e3e00000| Complete 
|  63|0x00000000e3f00000, 0x00000000e4000000, 0x00000000e4000000|100%| O|  |TAMS 0x00000000e4000000, 0x00000000e3f00000| Untracked 
|  64|0x00000000e4000000, 0x00000000e4100000, 0x00000000e4100000|100%| O|  |TAMS 0x00000000e4100000, 0x00000000e4000000| Untracked 
|  65|0x00000000e4100000, 0x00000000e4200000, 0x00000000e4200000|100%|HS|  |TAMS 0x00000000e4200000, 0x00000000e4100000| Complete 
|  66|0x00000000e4200000, 0x00000000e4300000, 0x00000000e4300000|100%| O|  |TAMS 0x00000000e4300000, 0x00000000e4200000| Untracked 
|  67|0x00000000e4300000, 0x00000000e4400000, 0x00000000e4400000|100%| O|  |TAMS 0x00000000e4400000, 0x00000000e4300000| Untracked 
|  68|0x00000000e4400000, 0x00000000e4500000, 0x00000000e4500000|100%| O|  |TAMS 0x00000000e4500000, 0x00000000e4400000| Untracked 
|  69|0x00000000e4500000, 0x00000000e4600000, 0x00000000e4600000|100%| O|  |TAMS 0x00000000e4600000, 0x00000000e4500000| Untracked 
|  70|0x00000000e4600000, 0x00000000e4700000, 0x00000000e4700000|100%| O|  |TAMS 0x00000000e4700000, 0x00000000e4600000| Untracked 
|  71|0x00000000e4700000, 0x00000000e4800000, 0x00000000e4800000|100%|HS|  |TAMS 0x00000000e4800000, 0x00000000e4700000| Complete 
|  72|0x00000000e4800000, 0x00000000e4900000, 0x00000000e4900000|100%| O|  |TAMS 0x00000000e4800000, 0x00000000e4800000| Untracked 
|  73|0x00000000e4900000, 0x00000000e4a00000, 0x00000000e4a00000|100%|HS|  |TAMS 0x00000000e4a00000, 0x00000000e4900000| Complete 
|  74|0x00000000e4a00000, 0x00000000e4b00000, 0x00000000e4b00000|100%| O|  |TAMS 0x00000000e4a00000, 0x00000000e4a00000| Untracked 
|  75|0x00000000e4b00000, 0x00000000e4c00000, 0x00000000e4c00000|100%| O|  |TAMS 0x00000000e4c00000, 0x00000000e4b00000| Complete 
|  76|0x00000000e4c00000, 0x00000000e4d00000, 0x00000000e4d00000|100%| O|  |TAMS 0x00000000e4d00000, 0x00000000e4c00000| Untracked 
|  77|0x00000000e4d00000, 0x00000000e4e00000, 0x00000000e4e00000|100%|HS|  |TAMS 0x00000000e4e00000, 0x00000000e4d00000| Complete 
|  78|0x00000000e4e00000, 0x00000000e4f00000, 0x00000000e4f00000|100%| O|  |TAMS 0x00000000e4f00000, 0x00000000e4e00000| Untracked 
|  79|0x00000000e4f00000, 0x00000000e5000000, 0x00000000e5000000|100%| O|  |TAMS 0x00000000e5000000, 0x00000000e4f00000| Complete 
|  80|0x00000000e5000000, 0x00000000e5100000, 0x00000000e5100000|100%| O|  |TAMS 0x00000000e5100000, 0x00000000e5000000| Complete 
|  81|0x00000000e5100000, 0x00000000e5200000, 0x00000000e5200000|100%| O|  |TAMS 0x00000000e5200000, 0x00000000e5100000| Complete 
|  82|0x00000000e5200000, 0x00000000e5300000, 0x00000000e5300000|100%| O|  |TAMS 0x00000000e5300000, 0x00000000e5200000| Untracked 
|  83|0x00000000e5300000, 0x00000000e5400000, 0x00000000e5400000|100%|HS|  |TAMS 0x00000000e5300000, 0x00000000e5300000| Complete 
|  84|0x00000000e5400000, 0x00000000e5500000, 0x00000000e5500000|100%| O|  |TAMS 0x00000000e5500000, 0x00000000e5400000| Complete 
|  85|0x00000000e5500000, 0x00000000e5600000, 0x00000000e5600000|100%| O|  |TAMS 0x00000000e5600000, 0x00000000e5500000| Untracked 
|  86|0x00000000e5600000, 0x00000000e5700000, 0x00000000e5700000|100%| O|  |TAMS 0x00000000e5700000, 0x00000000e5600000| Untracked 
|  87|0x00000000e5700000, 0x00000000e5800000, 0x00000000e5800000|100%| O|  |TAMS 0x00000000e5800000, 0x00000000e5700000| Complete 
|  88|0x00000000e5800000, 0x00000000e5900000, 0x00000000e5900000|100%| O|  |TAMS 0x00000000e5900000, 0x00000000e5800000| Untracked 
|  89|0x00000000e5900000, 0x00000000e5a00000, 0x00000000e5a00000|100%| O|  |TAMS 0x00000000e5a00000, 0x00000000e5900000| Untracked 
|  90|0x00000000e5a00000, 0x00000000e5b00000, 0x00000000e5b00000|100%| O|  |TAMS 0x00000000e5b00000, 0x00000000e5a00000| Untracked 
|  91|0x00000000e5b00000, 0x00000000e5c00000, 0x00000000e5c00000|100%| O|  |TAMS 0x00000000e5c00000, 0x00000000e5b00000| Complete 
|  92|0x00000000e5c00000, 0x00000000e5d00000, 0x00000000e5d00000|100%| O|  |TAMS 0x00000000e5d00000, 0x00000000e5c00000| Untracked 
|  93|0x00000000e5d00000, 0x00000000e5e00000, 0x00000000e5e00000|100%| O|  |TAMS 0x00000000e5e00000, 0x00000000e5d00000| Untracked 
|  94|0x00000000e5e00000, 0x00000000e5f00000, 0x00000000e5f00000|100%| O|  |TAMS 0x00000000e5f00000, 0x00000000e5e00000| Complete 
|  95|0x00000000e5f00000, 0x00000000e6000000, 0x00000000e6000000|100%| O|  |TAMS 0x00000000e5f00000, 0x00000000e5f00000| Untracked 
|  96|0x00000000e6000000, 0x00000000e6100000, 0x00000000e6100000|100%| O|  |TAMS 0x00000000e6100000, 0x00000000e6000000| Untracked 
|  97|0x00000000e6100000, 0x00000000e6200000, 0x00000000e6200000|100%| O|  |TAMS 0x00000000e6200000, 0x00000000e6100000| Complete 
|  98|0x00000000e6200000, 0x00000000e6300000, 0x00000000e6300000|100%| O|  |TAMS 0x00000000e6300000, 0x00000000e6200000| Untracked 
|  99|0x00000000e6300000, 0x00000000e6400000, 0x00000000e6400000|100%|HS|  |TAMS 0x00000000e6400000, 0x00000000e6300000| Complete 
| 100|0x00000000e6400000, 0x00000000e6500000, 0x00000000e6500000|100%| O|  |TAMS 0x00000000e6500000, 0x00000000e6400000| Untracked 
| 101|0x00000000e6500000, 0x00000000e651ac00, 0x00000000e6600000| 10%| O|  |TAMS 0x00000000e6500000, 0x00000000e6500000| Untracked 
| 102|0x00000000e6600000, 0x00000000e6700000, 0x00000000e6700000|100%| O|  |TAMS 0x00000000e6700000, 0x00000000e6600000| Untracked 
| 103|0x00000000e6700000, 0x00000000e6800000, 0x00000000e6800000|100%| O|  |TAMS 0x00000000e6800000, 0x00000000e6700000| Complete 
| 104|0x00000000e6800000, 0x00000000e6900000, 0x00000000e6900000|100%| O|  |TAMS 0x00000000e6900000, 0x00000000e6800000| Complete 
| 105|0x00000000e6900000, 0x00000000e6a00000, 0x00000000e6a00000|100%| O|  |TAMS 0x00000000e6a00000, 0x00000000e6900000| Complete 
| 106|0x00000000e6a00000, 0x00000000e6b00000, 0x00000000e6b00000|100%|HS|  |TAMS 0x00000000e6b00000, 0x00000000e6a00000| Complete 
| 107|0x00000000e6b00000, 0x00000000e6c00000, 0x00000000e6c00000|100%|HC|  |TAMS 0x00000000e6c00000, 0x00000000e6b00000| Complete 
| 108|0x00000000e6c00000, 0x00000000e6d00000, 0x00000000e6d00000|100%| O|  |TAMS 0x00000000e6d00000, 0x00000000e6c00000| Untracked 
| 109|0x00000000e6d00000, 0x00000000e6e00000, 0x00000000e6e00000|100%| O|  |TAMS 0x00000000e6e00000, 0x00000000e6d00000| Untracked 
| 110|0x00000000e6e00000, 0x00000000e6f00000, 0x00000000e6f00000|100%| O|  |TAMS 0x00000000e6f00000, 0x00000000e6e00000| Untracked 
| 111|0x00000000e6f00000, 0x00000000e7000000, 0x00000000e7000000|100%| O|  |TAMS 0x00000000e7000000, 0x00000000e6f00000| Complete 
| 112|0x00000000e7000000, 0x00000000e7100000, 0x00000000e7100000|100%|HS|  |TAMS 0x00000000e7000000, 0x00000000e7000000| Complete 
| 113|0x00000000e7100000, 0x00000000e7200000, 0x00000000e7200000|100%| O|  |TAMS 0x00000000e7200000, 0x00000000e7100000| Complete 
| 114|0x00000000e7200000, 0x00000000e7300000, 0x00000000e7300000|100%|HS|  |TAMS 0x00000000e7300000, 0x00000000e7200000| Complete 
| 115|0x00000000e7300000, 0x00000000e7400000, 0x00000000e7400000|100%|HC|  |TAMS 0x00000000e7400000, 0x00000000e7300000| Complete 
| 116|0x00000000e7400000, 0x00000000e7500000, 0x00000000e7500000|100%| O|  |TAMS 0x00000000e7500000, 0x00000000e7400000| Untracked 
| 117|0x00000000e7500000, 0x00000000e7600000, 0x00000000e7600000|100%|HS|  |TAMS 0x00000000e7600000, 0x00000000e7500000| Complete 
| 118|0x00000000e7600000, 0x00000000e7700000, 0x00000000e7700000|100%|HC|  |TAMS 0x00000000e7700000, 0x00000000e7600000| Complete 
| 119|0x00000000e7700000, 0x00000000e7800000, 0x00000000e7800000|100%| O|  |TAMS 0x00000000e7800000, 0x00000000e7700000| Untracked 
| 120|0x00000000e7800000, 0x00000000e7900000, 0x00000000e7900000|100%| O|  |TAMS 0x00000000e7900000, 0x00000000e7800000| Complete 
| 121|0x00000000e7900000, 0x00000000e7a00000, 0x00000000e7a00000|100%| O|  |TAMS 0x00000000e7900000, 0x00000000e7900000| Untracked 
| 122|0x00000000e7a00000, 0x00000000e7b00000, 0x00000000e7b00000|100%| O|  |TAMS 0x00000000e7b00000, 0x00000000e7a00000| Complete 
| 123|0x00000000e7b00000, 0x00000000e7c00000, 0x00000000e7c00000|100%| O|  |TAMS 0x00000000e7c00000, 0x00000000e7b00000| Complete 
| 124|0x00000000e7c00000, 0x00000000e7d00000, 0x00000000e7d00000|100%| O|  |TAMS 0x00000000e7d00000, 0x00000000e7c00000| Complete 
| 125|0x00000000e7d00000, 0x00000000e7e00000, 0x00000000e7e00000|100%|HS|  |TAMS 0x00000000e7e00000, 0x00000000e7d00000| Complete 
| 126|0x00000000e7e00000, 0x00000000e7f00000, 0x00000000e7f00000|100%| O|  |TAMS 0x00000000e7f00000, 0x00000000e7e00000| Untracked 
| 127|0x00000000e7f00000, 0x00000000e8000000, 0x00000000e8000000|100%| O|  |TAMS 0x00000000e8000000, 0x00000000e7f00000| Untracked 
| 128|0x00000000e8000000, 0x00000000e8100000, 0x00000000e8100000|100%| O|  |TAMS 0x00000000e8100000, 0x00000000e8000000| Complete 
| 129|0x00000000e8100000, 0x00000000e8200000, 0x00000000e8200000|100%| O|  |TAMS 0x00000000e8200000, 0x00000000e8100000| Complete 
| 130|0x00000000e8200000, 0x00000000e8300000, 0x00000000e8300000|100%| O|  |TAMS 0x00000000e8300000, 0x00000000e8200000| Untracked 
| 131|0x00000000e8300000, 0x00000000e8400000, 0x00000000e8400000|100%| O|  |TAMS 0x00000000e8400000, 0x00000000e8300000| Untracked 
| 132|0x00000000e8400000, 0x00000000e8500000, 0x00000000e8500000|100%| O|  |TAMS 0x00000000e8500000, 0x00000000e8400000| Complete 
| 133|0x00000000e8500000, 0x00000000e8600000, 0x00000000e8600000|100%| O|  |TAMS 0x00000000e8600000, 0x00000000e8500000| Complete 
| 134|0x00000000e8600000, 0x00000000e8700000, 0x00000000e8700000|100%| O|  |TAMS 0x00000000e8700000, 0x00000000e8600000| Untracked 
| 135|0x00000000e8700000, 0x00000000e8800000, 0x00000000e8800000|100%|HS|  |TAMS 0x00000000e8800000, 0x00000000e8700000| Complete 
| 136|0x00000000e8800000, 0x00000000e8900000, 0x00000000e8900000|100%|HC|  |TAMS 0x00000000e8900000, 0x00000000e8800000| Complete 
| 137|0x00000000e8900000, 0x00000000e8a00000, 0x00000000e8a00000|100%|HS|  |TAMS 0x00000000e8900000, 0x00000000e8900000| Complete 
| 138|0x00000000e8a00000, 0x00000000e8b00000, 0x00000000e8b00000|100%| O|  |TAMS 0x00000000e8b00000, 0x00000000e8a00000| Complete 
| 139|0x00000000e8b00000, 0x00000000e8c00000, 0x00000000e8c00000|100%| O|  |TAMS 0x00000000e8c00000, 0x00000000e8b00000| Untracked 
| 140|0x00000000e8c00000, 0x00000000e8d00000, 0x00000000e8d00000|100%| O|  |TAMS 0x00000000e8d00000, 0x00000000e8c00000| Untracked 
| 141|0x00000000e8d00000, 0x00000000e8e00000, 0x00000000e8e00000|100%| O|  |TAMS 0x00000000e8e00000, 0x00000000e8d00000| Untracked 
| 142|0x00000000e8e00000, 0x00000000e8f00000, 0x00000000e8f00000|100%| O|  |TAMS 0x00000000e8f00000, 0x00000000e8e00000| Complete 
| 143|0x00000000e8f00000, 0x00000000e9000000, 0x00000000e9000000|100%| O|  |TAMS 0x00000000e9000000, 0x00000000e8f00000| Untracked 
| 144|0x00000000e9000000, 0x00000000e9100000, 0x00000000e9100000|100%| O|  |TAMS 0x00000000e9100000, 0x00000000e9000000| Complete 
| 145|0x00000000e9100000, 0x00000000e9200000, 0x00000000e9200000|100%| O|  |TAMS 0x00000000e9200000, 0x00000000e9100000| Untracked 
| 146|0x00000000e9200000, 0x00000000e9300000, 0x00000000e9300000|100%| O|  |TAMS 0x00000000e9300000, 0x00000000e9200000| Complete 
| 147|0x00000000e9300000, 0x00000000e9400000, 0x00000000e9400000|100%| O|  |TAMS 0x00000000e9400000, 0x00000000e9300000| Complete 
| 148|0x00000000e9400000, 0x00000000e9500000, 0x00000000e9500000|100%| O|  |TAMS 0x00000000e9500000, 0x00000000e9400000| Complete 
| 149|0x00000000e9500000, 0x00000000e9600000, 0x00000000e9600000|100%| O|  |TAMS 0x00000000e9600000, 0x00000000e9500000| Untracked 
| 150|0x00000000e9600000, 0x00000000e9600000, 0x00000000e9700000|  0%| F|  |TAMS 0x00000000e9600000, 0x00000000e9600000| Untracked 
| 151|0x00000000e9700000, 0x00000000e9800000, 0x00000000e9800000|100%| O|  |TAMS 0x00000000e9800000, 0x00000000e9700000| Complete 
| 152|0x00000000e9800000, 0x00000000e9900000, 0x00000000e9900000|100%| O|  |TAMS 0x00000000e9900000, 0x00000000e9800000| Complete 
| 153|0x00000000e9900000, 0x00000000e9a00000, 0x00000000e9a00000|100%| O|  |TAMS 0x00000000e9a00000, 0x00000000e9900000| Untracked 
| 154|0x00000000e9a00000, 0x00000000e9b00000, 0x00000000e9b00000|100%| O|  |TAMS 0x00000000e9b00000, 0x00000000e9a00000| Complete 
| 155|0x00000000e9b00000, 0x00000000e9c00000, 0x00000000e9c00000|100%| O|  |TAMS 0x00000000e9c00000, 0x00000000e9b00000| Complete 
| 156|0x00000000e9c00000, 0x00000000e9d00000, 0x00000000e9d00000|100%|HS|  |TAMS 0x00000000e9c00000, 0x00000000e9c00000| Complete 
| 157|0x00000000e9d00000, 0x00000000e9e00000, 0x00000000e9e00000|100%|HC|  |TAMS 0x00000000e9d00000, 0x00000000e9d00000| Complete 
| 158|0x00000000e9e00000, 0x00000000e9f00000, 0x00000000e9f00000|100%| O|  |TAMS 0x00000000e9f00000, 0x00000000e9e00000| Untracked 
| 159|0x00000000e9f00000, 0x00000000ea000000, 0x00000000ea000000|100%| O|  |TAMS 0x00000000ea000000, 0x00000000e9f00000| Complete 
| 160|0x00000000ea000000, 0x00000000ea000000, 0x00000000ea100000|  0%| F|  |TAMS 0x00000000ea000000, 0x00000000ea000000| Untracked 
| 161|0x00000000ea100000, 0x00000000ea200000, 0x00000000ea200000|100%| O|  |TAMS 0x00000000ea200000, 0x00000000ea100000| Untracked 
| 162|0x00000000ea200000, 0x00000000ea200000, 0x00000000ea300000|  0%| F|  |TAMS 0x00000000ea200000, 0x00000000ea200000| Untracked 
| 163|0x00000000ea300000, 0x00000000ea400000, 0x00000000ea400000|100%| O|  |TAMS 0x00000000ea400000, 0x00000000ea300000| Complete 
| 164|0x00000000ea400000, 0x00000000ea500000, 0x00000000ea500000|100%| O|  |TAMS 0x00000000ea500000, 0x00000000ea400000| Complete 
| 165|0x00000000ea500000, 0x00000000ea500000, 0x00000000ea600000|  0%| F|  |TAMS 0x00000000ea500000, 0x00000000ea500000| Untracked 
| 166|0x00000000ea600000, 0x00000000ea700000, 0x00000000ea700000|100%| O|  |TAMS 0x00000000ea700000, 0x00000000ea600000| Complete 
| 167|0x00000000ea700000, 0x00000000ea700000, 0x00000000ea800000|  0%| F|  |TAMS 0x00000000ea700000, 0x00000000ea700000| Untracked 
| 168|0x00000000ea800000, 0x00000000ea900000, 0x00000000ea900000|100%| O|  |TAMS 0x00000000ea900000, 0x00000000ea800000| Complete 
| 169|0x00000000ea900000, 0x00000000eaa00000, 0x00000000eaa00000|100%| O|  |TAMS 0x00000000eaa00000, 0x00000000ea900000| Complete 
| 170|0x00000000eaa00000, 0x00000000eab00000, 0x00000000eab00000|100%| O|  |TAMS 0x00000000eab00000, 0x00000000eaa00000| Complete 
| 171|0x00000000eab00000, 0x00000000eac00000, 0x00000000eac00000|100%|HS|  |TAMS 0x00000000eab00000, 0x00000000eab00000| Complete 
| 172|0x00000000eac00000, 0x00000000ead00000, 0x00000000ead00000|100%|HC|  |TAMS 0x00000000eac00000, 0x00000000eac00000| Complete 
| 173|0x00000000ead00000, 0x00000000eae00000, 0x00000000eae00000|100%| O|  |TAMS 0x00000000eae00000, 0x00000000ead00000| Complete 
| 174|0x00000000eae00000, 0x00000000eae00000, 0x00000000eaf00000|  0%| F|  |TAMS 0x00000000eae00000, 0x00000000eae00000| Untracked 
| 175|0x00000000eaf00000, 0x00000000eb000000, 0x00000000eb000000|100%| O|  |TAMS 0x00000000eb000000, 0x00000000eaf00000| Complete 
| 176|0x00000000eb000000, 0x00000000eb100000, 0x00000000eb100000|100%| O|  |TAMS 0x00000000eb100000, 0x00000000eb000000| Complete 
| 177|0x00000000eb100000, 0x00000000eb200000, 0x00000000eb200000|100%| O|  |TAMS 0x00000000eb200000, 0x00000000eb100000| Complete 
| 178|0x00000000eb200000, 0x00000000eb300000, 0x00000000eb300000|100%| O|  |TAMS 0x00000000eb300000, 0x00000000eb200000| Complete 
| 179|0x00000000eb300000, 0x00000000eb400000, 0x00000000eb400000|100%| O|  |TAMS 0x00000000eb400000, 0x00000000eb300000| Complete 
| 180|0x00000000eb400000, 0x00000000eb500000, 0x00000000eb500000|100%| O|  |TAMS 0x00000000eb500000, 0x00000000eb400000| Complete 
| 181|0x00000000eb500000, 0x00000000eb600000, 0x00000000eb600000|100%| O|  |TAMS 0x00000000eb600000, 0x00000000eb500000| Untracked 
| 182|0x00000000eb600000, 0x00000000eb700000, 0x00000000eb700000|100%| O|  |TAMS 0x00000000eb700000, 0x00000000eb600000| Untracked 
| 183|0x00000000eb700000, 0x00000000eb800000, 0x00000000eb800000|100%| O|  |TAMS 0x00000000eb800000, 0x00000000eb700000| Untracked 
| 184|0x00000000eb800000, 0x00000000eb900000, 0x00000000eb900000|100%| O|  |TAMS 0x00000000eb900000, 0x00000000eb800000| Complete 
| 185|0x00000000eb900000, 0x00000000eba00000, 0x00000000eba00000|100%| O|  |TAMS 0x00000000eba00000, 0x00000000eb900000| Untracked 
| 186|0x00000000eba00000, 0x00000000ebb00000, 0x00000000ebb00000|100%| O|  |TAMS 0x00000000ebb00000, 0x00000000eba00000| Untracked 
| 187|0x00000000ebb00000, 0x00000000ebb00000, 0x00000000ebc00000|  0%| F|  |TAMS 0x00000000ebb00000, 0x00000000ebb00000| Untracked 
| 188|0x00000000ebc00000, 0x00000000ebd00000, 0x00000000ebd00000|100%| O|  |TAMS 0x00000000ebd00000, 0x00000000ebc00000| Untracked 
| 189|0x00000000ebd00000, 0x00000000ebe00000, 0x00000000ebe00000|100%| O|  |TAMS 0x00000000ebe00000, 0x00000000ebd00000| Untracked 
| 190|0x00000000ebe00000, 0x00000000ebf00000, 0x00000000ebf00000|100%| O|  |TAMS 0x00000000ebf00000, 0x00000000ebe00000| Untracked 
| 191|0x00000000ebf00000, 0x00000000ec000000, 0x00000000ec000000|100%| O|  |TAMS 0x00000000ec000000, 0x00000000ebf00000| Untracked 
| 192|0x00000000ec000000, 0x00000000ec100000, 0x00000000ec100000|100%| O|  |TAMS 0x00000000ec100000, 0x00000000ec000000| Untracked 
| 193|0x00000000ec100000, 0x00000000ec200000, 0x00000000ec200000|100%| O|  |TAMS 0x00000000ec200000, 0x00000000ec100000| Untracked 
| 194|0x00000000ec200000, 0x00000000ec300000, 0x00000000ec300000|100%| O|  |TAMS 0x00000000ec300000, 0x00000000ec200000| Untracked 
| 195|0x00000000ec300000, 0x00000000ec400000, 0x00000000ec400000|100%| O|  |TAMS 0x00000000ec400000, 0x00000000ec300000| Complete 
| 196|0x00000000ec400000, 0x00000000ec500000, 0x00000000ec500000|100%| O|  |TAMS 0x00000000ec500000, 0x00000000ec400000| Untracked 
| 197|0x00000000ec500000, 0x00000000ec600000, 0x00000000ec600000|100%| O|  |TAMS 0x00000000ec600000, 0x00000000ec500000| Complete 
| 198|0x00000000ec600000, 0x00000000ec700000, 0x00000000ec700000|100%| O|  |TAMS 0x00000000ec700000, 0x00000000ec600000| Complete 
| 199|0x00000000ec700000, 0x00000000ec800000, 0x00000000ec800000|100%| O|  |TAMS 0x00000000ec800000, 0x00000000ec700000| Complete 
| 200|0x00000000ec800000, 0x00000000ec900000, 0x00000000ec900000|100%| O|  |TAMS 0x00000000ec900000, 0x00000000ec800000| Untracked 
| 201|0x00000000ec900000, 0x00000000eca00000, 0x00000000eca00000|100%| O|  |TAMS 0x00000000eca00000, 0x00000000ec900000| Untracked 
| 202|0x00000000eca00000, 0x00000000ecb00000, 0x00000000ecb00000|100%| O|  |TAMS 0x00000000ecb00000, 0x00000000eca00000| Untracked 
| 203|0x00000000ecb00000, 0x00000000ecc00000, 0x00000000ecc00000|100%| O|  |TAMS 0x00000000ecc00000, 0x00000000ecb00000| Untracked 
| 204|0x00000000ecc00000, 0x00000000ecd00000, 0x00000000ecd00000|100%| O|  |TAMS 0x00000000ecd00000, 0x00000000ecc00000| Untracked 
| 205|0x00000000ecd00000, 0x00000000ece00000, 0x00000000ece00000|100%| O|  |TAMS 0x00000000ece00000, 0x00000000ecd00000| Complete 
| 206|0x00000000ece00000, 0x00000000ecf00000, 0x00000000ecf00000|100%| O|  |TAMS 0x00000000ecf00000, 0x00000000ece00000| Complete 
| 207|0x00000000ecf00000, 0x00000000ed000000, 0x00000000ed000000|100%| O|  |TAMS 0x00000000ed000000, 0x00000000ecf00000| Untracked 
| 208|0x00000000ed000000, 0x00000000ed100000, 0x00000000ed100000|100%| O|  |TAMS 0x00000000ed100000, 0x00000000ed000000| Complete 
| 209|0x00000000ed100000, 0x00000000ed200000, 0x00000000ed200000|100%| O|  |TAMS 0x00000000ed200000, 0x00000000ed100000| Untracked 
| 210|0x00000000ed200000, 0x00000000ed200000, 0x00000000ed300000|  0%| F|  |TAMS 0x00000000ed200000, 0x00000000ed200000| Untracked 
| 211|0x00000000ed300000, 0x00000000ed300000, 0x00000000ed400000|  0%| F|  |TAMS 0x00000000ed300000, 0x00000000ed300000| Untracked 
| 212|0x00000000ed400000, 0x00000000ed400000, 0x00000000ed500000|  0%| F|  |TAMS 0x00000000ed400000, 0x00000000ed400000| Untracked 
| 213|0x00000000ed500000, 0x00000000ed600000, 0x00000000ed600000|100%| O|  |TAMS 0x00000000ed600000, 0x00000000ed500000| Untracked 
| 214|0x00000000ed600000, 0x00000000ed700000, 0x00000000ed700000|100%| O|  |TAMS 0x00000000ed700000, 0x00000000ed600000| Untracked 
| 215|0x00000000ed700000, 0x00000000ed800000, 0x00000000ed800000|100%| O|  |TAMS 0x00000000ed800000, 0x00000000ed700000| Untracked 
| 216|0x00000000ed800000, 0x00000000ed900000, 0x00000000ed900000|100%| O|  |TAMS 0x00000000ed900000, 0x00000000ed800000| Untracked 
| 217|0x00000000ed900000, 0x00000000eda00000, 0x00000000eda00000|100%| O|  |TAMS 0x00000000eda00000, 0x00000000ed900000| Untracked 
| 218|0x00000000eda00000, 0x00000000edb00000, 0x00000000edb00000|100%| O|  |TAMS 0x00000000edb00000, 0x00000000eda00000| Untracked 
| 219|0x00000000edb00000, 0x00000000edc00000, 0x00000000edc00000|100%| O|  |TAMS 0x00000000edc00000, 0x00000000edb00000| Complete 
| 220|0x00000000edc00000, 0x00000000edd00000, 0x00000000edd00000|100%| O|  |TAMS 0x00000000edd00000, 0x00000000edc00000| Complete 
| 221|0x00000000edd00000, 0x00000000ede00000, 0x00000000ede00000|100%| O|  |TAMS 0x00000000ede00000, 0x00000000edd00000| Untracked 
| 222|0x00000000ede00000, 0x00000000edf00000, 0x00000000edf00000|100%| O|  |TAMS 0x00000000edf00000, 0x00000000ede00000| Untracked 
| 223|0x00000000edf00000, 0x00000000ee000000, 0x00000000ee000000|100%| O|  |TAMS 0x00000000ee000000, 0x00000000edf00000| Complete 
| 224|0x00000000ee000000, 0x00000000ee100000, 0x00000000ee100000|100%| O|  |TAMS 0x00000000ee100000, 0x00000000ee000000| Complete 
| 225|0x00000000ee100000, 0x00000000ee200000, 0x00000000ee200000|100%| O|  |TAMS 0x00000000ee200000, 0x00000000ee100000| Untracked 
| 226|0x00000000ee200000, 0x00000000ee300000, 0x00000000ee300000|100%| O|  |TAMS 0x00000000ee300000, 0x00000000ee200000| Untracked 
| 227|0x00000000ee300000, 0x00000000ee400000, 0x00000000ee400000|100%| O|  |TAMS 0x00000000ee400000, 0x00000000ee300000| Untracked 
| 228|0x00000000ee400000, 0x00000000ee400000, 0x00000000ee500000|  0%| F|  |TAMS 0x00000000ee400000, 0x00000000ee400000| Untracked 
| 229|0x00000000ee500000, 0x00000000ee600000, 0x00000000ee600000|100%| O|  |TAMS 0x00000000ee600000, 0x00000000ee500000| Complete 
| 230|0x00000000ee600000, 0x00000000ee700000, 0x00000000ee700000|100%| O|  |TAMS 0x00000000ee700000, 0x00000000ee600000| Untracked 
| 231|0x00000000ee700000, 0x00000000ee800000, 0x00000000ee800000|100%| O|  |TAMS 0x00000000ee800000, 0x00000000ee700000| Untracked 
| 232|0x00000000ee800000, 0x00000000ee900000, 0x00000000ee900000|100%| O|  |TAMS 0x00000000ee900000, 0x00000000ee800000| Untracked 
| 233|0x00000000ee900000, 0x00000000eea00000, 0x00000000eea00000|100%| O|  |TAMS 0x00000000eea00000, 0x00000000ee900000| Untracked 
| 234|0x00000000eea00000, 0x00000000eeb00000, 0x00000000eeb00000|100%| O|  |TAMS 0x00000000eeb00000, 0x00000000eea00000| Untracked 
| 235|0x00000000eeb00000, 0x00000000eec00000, 0x00000000eec00000|100%| O|  |TAMS 0x00000000eec00000, 0x00000000eeb00000| Complete 
| 236|0x00000000eec00000, 0x00000000eed00000, 0x00000000eed00000|100%| O|  |TAMS 0x00000000eed00000, 0x00000000eec00000| Untracked 
| 237|0x00000000eed00000, 0x00000000eee00000, 0x00000000eee00000|100%| O|  |TAMS 0x00000000eee00000, 0x00000000eed00000| Complete 
| 238|0x00000000eee00000, 0x00000000eef00000, 0x00000000eef00000|100%| O|  |TAMS 0x00000000eef00000, 0x00000000eee00000| Untracked 
| 239|0x00000000eef00000, 0x00000000ef000000, 0x00000000ef000000|100%| O|  |TAMS 0x00000000ef000000, 0x00000000eef00000| Untracked 
| 240|0x00000000ef000000, 0x00000000ef100000, 0x00000000ef100000|100%| O|  |TAMS 0x00000000ef100000, 0x00000000ef000000| Untracked 
| 241|0x00000000ef100000, 0x00000000ef200000, 0x00000000ef200000|100%| O|  |TAMS 0x00000000ef200000, 0x00000000ef100000| Untracked 
| 242|0x00000000ef200000, 0x00000000ef300000, 0x00000000ef300000|100%| O|  |TAMS 0x00000000ef300000, 0x00000000ef200000| Untracked 
| 243|0x00000000ef300000, 0x00000000ef400000, 0x00000000ef400000|100%| O|  |TAMS 0x00000000ef400000, 0x00000000ef300000| Complete 
| 244|0x00000000ef400000, 0x00000000ef500000, 0x00000000ef500000|100%| O|  |TAMS 0x00000000ef500000, 0x00000000ef400000| Complete 
| 245|0x00000000ef500000, 0x00000000ef600000, 0x00000000ef600000|100%| O|  |TAMS 0x00000000ef600000, 0x00000000ef500000| Untracked 
| 246|0x00000000ef600000, 0x00000000ef700000, 0x00000000ef700000|100%| O|  |TAMS 0x00000000ef700000, 0x00000000ef600000| Complete 
| 247|0x00000000ef700000, 0x00000000ef800000, 0x00000000ef800000|100%| O|  |TAMS 0x00000000ef800000, 0x00000000ef700000| Complete 
| 248|0x00000000ef800000, 0x00000000ef900000, 0x00000000ef900000|100%| O|  |TAMS 0x00000000ef900000, 0x00000000ef800000| Complete 
| 249|0x00000000ef900000, 0x00000000efa00000, 0x00000000efa00000|100%| O|  |TAMS 0x00000000efa00000, 0x00000000ef900000| Untracked 
| 250|0x00000000efa00000, 0x00000000efb00000, 0x00000000efb00000|100%| O|  |TAMS 0x00000000efb00000, 0x00000000efa00000| Untracked 
| 251|0x00000000efb00000, 0x00000000efb00000, 0x00000000efc00000|  0%| F|  |TAMS 0x00000000efb00000, 0x00000000efb00000| Untracked 
| 252|0x00000000efc00000, 0x00000000efd00000, 0x00000000efd00000|100%| O|  |TAMS 0x00000000efd00000, 0x00000000efc00000| Complete 
| 253|0x00000000efd00000, 0x00000000efe00000, 0x00000000efe00000|100%| O|  |TAMS 0x00000000efe00000, 0x00000000efd00000| Untracked 
| 254|0x00000000efe00000, 0x00000000eff00000, 0x00000000eff00000|100%| O|  |TAMS 0x00000000eff00000, 0x00000000efe00000| Untracked 
| 255|0x00000000eff00000, 0x00000000f0000000, 0x00000000f0000000|100%| O|  |TAMS 0x00000000f0000000, 0x00000000eff00000| Untracked 
| 256|0x00000000f0000000, 0x00000000f0100000, 0x00000000f0100000|100%| O|  |TAMS 0x00000000f0100000, 0x00000000f0000000| Untracked 
| 257|0x00000000f0100000, 0x00000000f0200000, 0x00000000f0200000|100%| O|  |TAMS 0x00000000f0200000, 0x00000000f0100000| Untracked 
| 258|0x00000000f0200000, 0x00000000f0200000, 0x00000000f0300000|  0%| F|  |TAMS 0x00000000f0200000, 0x00000000f0200000| Untracked 
| 259|0x00000000f0300000, 0x00000000f0300000, 0x00000000f0400000|  0%| F|  |TAMS 0x00000000f0300000, 0x00000000f0300000| Untracked 
| 260|0x00000000f0400000, 0x00000000f0500000, 0x00000000f0500000|100%| O|  |TAMS 0x00000000f0500000, 0x00000000f0400000| Complete 
| 261|0x00000000f0500000, 0x00000000f0600000, 0x00000000f0600000|100%| O|  |TAMS 0x00000000f0600000, 0x00000000f0500000| Complete 
| 262|0x00000000f0600000, 0x00000000f0600000, 0x00000000f0700000|  0%| F|  |TAMS 0x00000000f0600000, 0x00000000f0600000| Untracked 
| 263|0x00000000f0700000, 0x00000000f0800000, 0x00000000f0800000|100%| O|  |TAMS 0x00000000f0800000, 0x00000000f0700000| Untracked 
| 264|0x00000000f0800000, 0x00000000f0900000, 0x00000000f0900000|100%| O|  |TAMS 0x00000000f0900000, 0x00000000f0800000| Untracked 
| 265|0x00000000f0900000, 0x00000000f0a00000, 0x00000000f0a00000|100%| O|  |TAMS 0x00000000f0a00000, 0x00000000f0900000| Untracked 
| 266|0x00000000f0a00000, 0x00000000f0b00000, 0x00000000f0b00000|100%| O|  |TAMS 0x00000000f0b00000, 0x00000000f0a00000| Complete 
| 267|0x00000000f0b00000, 0x00000000f0c00000, 0x00000000f0c00000|100%| O|  |TAMS 0x00000000f0c00000, 0x00000000f0b00000| Complete 
| 268|0x00000000f0c00000, 0x00000000f0d00000, 0x00000000f0d00000|100%| O|  |TAMS 0x00000000f0d00000, 0x00000000f0c00000| Complete 
| 269|0x00000000f0d00000, 0x00000000f0e00000, 0x00000000f0e00000|100%| O|  |TAMS 0x00000000f0e00000, 0x00000000f0d00000| Complete 
| 270|0x00000000f0e00000, 0x00000000f0f00000, 0x00000000f0f00000|100%| O|  |TAMS 0x00000000f0f00000, 0x00000000f0e00000| Untracked 
| 271|0x00000000f0f00000, 0x00000000f1000000, 0x00000000f1000000|100%| O|  |TAMS 0x00000000f1000000, 0x00000000f0f00000| Untracked 
| 272|0x00000000f1000000, 0x00000000f1100000, 0x00000000f1100000|100%| O|  |TAMS 0x00000000f1100000, 0x00000000f1000000| Untracked 
| 273|0x00000000f1100000, 0x00000000f1200000, 0x00000000f1200000|100%| O|  |TAMS 0x00000000f1200000, 0x00000000f1100000| Complete 
| 274|0x00000000f1200000, 0x00000000f1300000, 0x00000000f1300000|100%| O|  |TAMS 0x00000000f1300000, 0x00000000f1200000| Complete 
| 275|0x00000000f1300000, 0x00000000f1400000, 0x00000000f1400000|100%|HS|  |TAMS 0x00000000f1400000, 0x00000000f1300000| Complete 
| 276|0x00000000f1400000, 0x00000000f1500000, 0x00000000f1500000|100%|HC|  |TAMS 0x00000000f1500000, 0x00000000f1400000| Complete 
| 277|0x00000000f1500000, 0x00000000f1600000, 0x00000000f1600000|100%| O|  |TAMS 0x00000000f1600000, 0x00000000f1500000| Untracked 
| 278|0x00000000f1600000, 0x00000000f1700000, 0x00000000f1700000|100%| O|  |TAMS 0x00000000f1700000, 0x00000000f1600000| Complete 
| 279|0x00000000f1700000, 0x00000000f1800000, 0x00000000f1800000|100%| O|  |TAMS 0x00000000f1800000, 0x00000000f1700000| Complete 
| 280|0x00000000f1800000, 0x00000000f1900000, 0x00000000f1900000|100%| O|  |TAMS 0x00000000f1900000, 0x00000000f1800000| Untracked 
| 281|0x00000000f1900000, 0x00000000f1a00000, 0x00000000f1a00000|100%| O|  |TAMS 0x00000000f1a00000, 0x00000000f1900000| Untracked 
| 282|0x00000000f1a00000, 0x00000000f1b00000, 0x00000000f1b00000|100%| O|  |TAMS 0x00000000f1b00000, 0x00000000f1a00000| Untracked 
| 283|0x00000000f1b00000, 0x00000000f1c00000, 0x00000000f1c00000|100%| O|  |TAMS 0x00000000f1c00000, 0x00000000f1b00000| Untracked 
| 284|0x00000000f1c00000, 0x00000000f1d00000, 0x00000000f1d00000|100%| O|  |TAMS 0x00000000f1d00000, 0x00000000f1c00000| Complete 
| 285|0x00000000f1d00000, 0x00000000f1e00000, 0x00000000f1e00000|100%| O|  |TAMS 0x00000000f1e00000, 0x00000000f1d00000| Untracked 
| 286|0x00000000f1e00000, 0x00000000f1f00000, 0x00000000f1f00000|100%| O|  |TAMS 0x00000000f1f00000, 0x00000000f1e00000| Untracked 
| 287|0x00000000f1f00000, 0x00000000f2000000, 0x00000000f2000000|100%| O|  |TAMS 0x00000000f2000000, 0x00000000f1f00000| Untracked 
| 288|0x00000000f2000000, 0x00000000f2100000, 0x00000000f2100000|100%| O|  |TAMS 0x00000000f2100000, 0x00000000f2000000| Untracked 
| 289|0x00000000f2100000, 0x00000000f2200000, 0x00000000f2200000|100%| O|  |TAMS 0x00000000f2200000, 0x00000000f2100000| Untracked 
| 290|0x00000000f2200000, 0x00000000f2300000, 0x00000000f2300000|100%| O|  |TAMS 0x00000000f2300000, 0x00000000f2200000| Untracked 
| 291|0x00000000f2300000, 0x00000000f2400000, 0x00000000f2400000|100%| O|  |TAMS 0x00000000f2400000, 0x00000000f2300000| Complete 
| 292|0x00000000f2400000, 0x00000000f2500000, 0x00000000f2500000|100%| O|  |TAMS 0x00000000f2500000, 0x00000000f2400000| Untracked 
| 293|0x00000000f2500000, 0x00000000f2600000, 0x00000000f2600000|100%| O|  |TAMS 0x00000000f2600000, 0x00000000f2500000| Untracked 
| 294|0x00000000f2600000, 0x00000000f2700000, 0x00000000f2700000|100%| O|  |TAMS 0x00000000f2700000, 0x00000000f2600000| Untracked 
| 295|0x00000000f2700000, 0x00000000f2800000, 0x00000000f2800000|100%| O|  |TAMS 0x00000000f2800000, 0x00000000f2700000| Untracked 
| 296|0x00000000f2800000, 0x00000000f2900000, 0x00000000f2900000|100%| O|  |TAMS 0x00000000f2862e00, 0x00000000f2800000| Complete 
| 297|0x00000000f2900000, 0x00000000f2900000, 0x00000000f2a00000|  0%| F|  |TAMS 0x00000000f2900000, 0x00000000f2900000| Untracked 
| 298|0x00000000f2a00000, 0x00000000f2a00000, 0x00000000f2b00000|  0%| F|  |TAMS 0x00000000f2a00000, 0x00000000f2a00000| Untracked 
| 299|0x00000000f2b00000, 0x00000000f2b00000, 0x00000000f2c00000|  0%| F|  |TAMS 0x00000000f2b00000, 0x00000000f2b00000| Untracked 
| 300|0x00000000f2c00000, 0x00000000f2c00000, 0x00000000f2d00000|  0%| F|  |TAMS 0x00000000f2c00000, 0x00000000f2c00000| Untracked 
| 301|0x00000000f2d00000, 0x00000000f2d00000, 0x00000000f2e00000|  0%| F|  |TAMS 0x00000000f2d00000, 0x00000000f2d00000| Untracked 
| 302|0x00000000f2e00000, 0x00000000f2e00000, 0x00000000f2f00000|  0%| F|  |TAMS 0x00000000f2e00000, 0x00000000f2e00000| Untracked 
| 303|0x00000000f2f00000, 0x00000000f2f00000, 0x00000000f3000000|  0%| F|  |TAMS 0x00000000f2f00000, 0x00000000f2f00000| Untracked 
| 304|0x00000000f3000000, 0x00000000f3000000, 0x00000000f3100000|  0%| F|  |TAMS 0x00000000f3000000, 0x00000000f3000000| Untracked 
| 305|0x00000000f3100000, 0x00000000f3100000, 0x00000000f3200000|  0%| F|  |TAMS 0x00000000f3100000, 0x00000000f3100000| Untracked 
| 306|0x00000000f3200000, 0x00000000f3200000, 0x00000000f3300000|  0%| F|  |TAMS 0x00000000f3200000, 0x00000000f3200000| Untracked 
| 307|0x00000000f3300000, 0x00000000f3300000, 0x00000000f3400000|  0%| F|  |TAMS 0x00000000f3300000, 0x00000000f3300000| Untracked 
| 308|0x00000000f3400000, 0x00000000f3400000, 0x00000000f3500000|  0%| F|  |TAMS 0x00000000f3400000, 0x00000000f3400000| Untracked 
| 309|0x00000000f3500000, 0x00000000f3500000, 0x00000000f3600000|  0%| F|  |TAMS 0x00000000f3500000, 0x00000000f3500000| Untracked 
| 310|0x00000000f3600000, 0x00000000f3600000, 0x00000000f3700000|  0%| F|  |TAMS 0x00000000f3600000, 0x00000000f3600000| Untracked 
| 311|0x00000000f3700000, 0x00000000f3700000, 0x00000000f3800000|  0%| F|  |TAMS 0x00000000f3700000, 0x00000000f3700000| Untracked 
| 312|0x00000000f3800000, 0x00000000f3800000, 0x00000000f3900000|  0%| F|  |TAMS 0x00000000f3800000, 0x00000000f3800000| Untracked 
| 313|0x00000000f3900000, 0x00000000f3900000, 0x00000000f3a00000|  0%| F|  |TAMS 0x00000000f3900000, 0x00000000f3900000| Untracked 
| 314|0x00000000f3a00000, 0x00000000f3a00000, 0x00000000f3b00000|  0%| F|  |TAMS 0x00000000f3a00000, 0x00000000f3a00000| Untracked 
| 315|0x00000000f3b00000, 0x00000000f3c00000, 0x00000000f3c00000|100%| O|  |TAMS 0x00000000f3c00000, 0x00000000f3b00000| Complete 
| 316|0x00000000f3c00000, 0x00000000f3c00000, 0x00000000f3d00000|  0%| F|  |TAMS 0x00000000f3c00000, 0x00000000f3c00000| Untracked 
| 317|0x00000000f3d00000, 0x00000000f3d00000, 0x00000000f3e00000|  0%| F|  |TAMS 0x00000000f3d00000, 0x00000000f3d00000| Untracked 
| 318|0x00000000f3e00000, 0x00000000f3e00000, 0x00000000f3f00000|  0%| F|  |TAMS 0x00000000f3e00000, 0x00000000f3e00000| Untracked 
| 319|0x00000000f3f00000, 0x00000000f3f00000, 0x00000000f4000000|  0%| F|  |TAMS 0x00000000f3f00000, 0x00000000f3f00000| Untracked 
| 320|0x00000000f4000000, 0x00000000f4000000, 0x00000000f4100000|  0%| F|  |TAMS 0x00000000f4000000, 0x00000000f4000000| Untracked 
| 321|0x00000000f4100000, 0x00000000f4100000, 0x00000000f4200000|  0%| F|  |TAMS 0x00000000f4100000, 0x00000000f4100000| Untracked 
| 322|0x00000000f4200000, 0x00000000f4200000, 0x00000000f4300000|  0%| F|  |TAMS 0x00000000f4200000, 0x00000000f4200000| Untracked 
| 323|0x00000000f4300000, 0x00000000f4300000, 0x00000000f4400000|  0%| F|  |TAMS 0x00000000f4300000, 0x00000000f4300000| Untracked 
| 324|0x00000000f4400000, 0x00000000f4400000, 0x00000000f4500000|  0%| F|  |TAMS 0x00000000f4400000, 0x00000000f4400000| Untracked 
| 325|0x00000000f4500000, 0x00000000f4500000, 0x00000000f4600000|  0%| F|  |TAMS 0x00000000f4500000, 0x00000000f4500000| Untracked 
| 326|0x00000000f4600000, 0x00000000f4600000, 0x00000000f4700000|  0%| F|  |TAMS 0x00000000f4600000, 0x00000000f4600000| Untracked 
| 327|0x00000000f4700000, 0x00000000f4700000, 0x00000000f4800000|  0%| F|  |TAMS 0x00000000f4700000, 0x00000000f4700000| Untracked 
| 328|0x00000000f4800000, 0x00000000f4800000, 0x00000000f4900000|  0%| F|  |TAMS 0x00000000f4800000, 0x00000000f4800000| Untracked 
| 329|0x00000000f4900000, 0x00000000f4900000, 0x00000000f4a00000|  0%| F|  |TAMS 0x00000000f4900000, 0x00000000f4900000| Untracked 
| 330|0x00000000f4a00000, 0x00000000f4a00000, 0x00000000f4b00000|  0%| F|  |TAMS 0x00000000f4a00000, 0x00000000f4a00000| Untracked 
| 331|0x00000000f4b00000, 0x00000000f4b00000, 0x00000000f4c00000|  0%| F|  |TAMS 0x00000000f4b00000, 0x00000000f4b00000| Untracked 
| 332|0x00000000f4c00000, 0x00000000f4c00000, 0x00000000f4d00000|  0%| F|  |TAMS 0x00000000f4c00000, 0x00000000f4c00000| Untracked 
| 333|0x00000000f4d00000, 0x00000000f4d00000, 0x00000000f4e00000|  0%| F|  |TAMS 0x00000000f4d00000, 0x00000000f4d00000| Untracked 
| 334|0x00000000f4e00000, 0x00000000f4e00000, 0x00000000f4f00000|  0%| F|  |TAMS 0x00000000f4e00000, 0x00000000f4e00000| Untracked 
| 335|0x00000000f4f00000, 0x00000000f4f00000, 0x00000000f5000000|  0%| F|  |TAMS 0x00000000f4f00000, 0x00000000f4f00000| Untracked 
| 336|0x00000000f5000000, 0x00000000f5000000, 0x00000000f5100000|  0%| F|  |TAMS 0x00000000f5000000, 0x00000000f5000000| Untracked 
| 337|0x00000000f5100000, 0x00000000f5100000, 0x00000000f5200000|  0%| F|  |TAMS 0x00000000f5100000, 0x00000000f5100000| Untracked 
| 338|0x00000000f5200000, 0x00000000f5200000, 0x00000000f5300000|  0%| F|  |TAMS 0x00000000f5200000, 0x00000000f5200000| Untracked 
| 339|0x00000000f5300000, 0x00000000f53db690, 0x00000000f5400000| 85%| S|CS|TAMS 0x00000000f5300000, 0x00000000f5300000| Complete 
| 340|0x00000000f5400000, 0x00000000f5500000, 0x00000000f5500000|100%| S|CS|TAMS 0x00000000f5400000, 0x00000000f5400000| Complete 
| 341|0x00000000f5500000, 0x00000000f5600000, 0x00000000f5600000|100%| S|CS|TAMS 0x00000000f5500000, 0x00000000f5500000| Complete 
| 342|0x00000000f5600000, 0x00000000f5700000, 0x00000000f5700000|100%| S|CS|TAMS 0x00000000f5600000, 0x00000000f5600000| Complete 
| 343|0x00000000f5700000, 0x00000000f5700000, 0x00000000f5800000|  0%| F|  |TAMS 0x00000000f5700000, 0x00000000f5700000| Untracked 
| 344|0x00000000f5800000, 0x00000000f5800000, 0x00000000f5900000|  0%| F|  |TAMS 0x00000000f5800000, 0x00000000f5800000| Untracked 
| 345|0x00000000f5900000, 0x00000000f5900000, 0x00000000f5a00000|  0%| F|  |TAMS 0x00000000f5900000, 0x00000000f5900000| Untracked 
| 346|0x00000000f5a00000, 0x00000000f5a00000, 0x00000000f5b00000|  0%| F|  |TAMS 0x00000000f5a00000, 0x00000000f5a00000| Untracked 
| 347|0x00000000f5b00000, 0x00000000f5b00000, 0x00000000f5c00000|  0%| F|  |TAMS 0x00000000f5b00000, 0x00000000f5b00000| Untracked 
| 348|0x00000000f5c00000, 0x00000000f5c00000, 0x00000000f5d00000|  0%| F|  |TAMS 0x00000000f5c00000, 0x00000000f5c00000| Untracked 
| 349|0x00000000f5d00000, 0x00000000f5d00000, 0x00000000f5e00000|  0%| F|  |TAMS 0x00000000f5d00000, 0x00000000f5d00000| Untracked 
| 350|0x00000000f5e00000, 0x00000000f5e00000, 0x00000000f5f00000|  0%| F|  |TAMS 0x00000000f5e00000, 0x00000000f5e00000| Untracked 
| 351|0x00000000f5f00000, 0x00000000f5f00000, 0x00000000f6000000|  0%| F|  |TAMS 0x00000000f5f00000, 0x00000000f5f00000| Untracked 
| 352|0x00000000f6000000, 0x00000000f6000000, 0x00000000f6100000|  0%| F|  |TAMS 0x00000000f6000000, 0x00000000f6000000| Untracked 
| 353|0x00000000f6100000, 0x00000000f6100000, 0x00000000f6200000|  0%| F|  |TAMS 0x00000000f6100000, 0x00000000f6100000| Untracked 
| 354|0x00000000f6200000, 0x00000000f6200000, 0x00000000f6300000|  0%| F|  |TAMS 0x00000000f6200000, 0x00000000f6200000| Untracked 
| 355|0x00000000f6300000, 0x00000000f6300000, 0x00000000f6400000|  0%| F|  |TAMS 0x00000000f6300000, 0x00000000f6300000| Untracked 
| 356|0x00000000f6400000, 0x00000000f6400000, 0x00000000f6500000|  0%| F|  |TAMS 0x00000000f6400000, 0x00000000f6400000| Untracked 
| 357|0x00000000f6500000, 0x00000000f6500000, 0x00000000f6600000|  0%| F|  |TAMS 0x00000000f6500000, 0x00000000f6500000| Untracked 
| 358|0x00000000f6600000, 0x00000000f6600000, 0x00000000f6700000|  0%| F|  |TAMS 0x00000000f6600000, 0x00000000f6600000| Untracked 
| 359|0x00000000f6700000, 0x00000000f6700000, 0x00000000f6800000|  0%| F|  |TAMS 0x00000000f6700000, 0x00000000f6700000| Untracked 
| 360|0x00000000f6800000, 0x00000000f6800000, 0x00000000f6900000|  0%| F|  |TAMS 0x00000000f6800000, 0x00000000f6800000| Untracked 
| 361|0x00000000f6900000, 0x00000000f6900000, 0x00000000f6a00000|  0%| F|  |TAMS 0x00000000f6900000, 0x00000000f6900000| Untracked 
| 362|0x00000000f6a00000, 0x00000000f6a00000, 0x00000000f6b00000|  0%| F|  |TAMS 0x00000000f6a00000, 0x00000000f6a00000| Untracked 
| 363|0x00000000f6b00000, 0x00000000f6b00000, 0x00000000f6c00000|  0%| F|  |TAMS 0x00000000f6b00000, 0x00000000f6b00000| Untracked 
| 364|0x00000000f6c00000, 0x00000000f6c00000, 0x00000000f6d00000|  0%| F|  |TAMS 0x00000000f6c00000, 0x00000000f6c00000| Untracked 
| 365|0x00000000f6d00000, 0x00000000f6d00000, 0x00000000f6e00000|  0%| F|  |TAMS 0x00000000f6d00000, 0x00000000f6d00000| Untracked 
| 366|0x00000000f6e00000, 0x00000000f6f00000, 0x00000000f6f00000|100%| E|CS|TAMS 0x00000000f6e00000, 0x00000000f6e00000| Complete 
| 367|0x00000000f6f00000, 0x00000000f7000000, 0x00000000f7000000|100%| E|CS|TAMS 0x00000000f6f00000, 0x00000000f6f00000| Complete 
| 368|0x00000000f7000000, 0x00000000f7100000, 0x00000000f7100000|100%| E|CS|TAMS 0x00000000f7000000, 0x00000000f7000000| Complete 
| 369|0x00000000f7100000, 0x00000000f7200000, 0x00000000f7200000|100%| E|CS|TAMS 0x00000000f7100000, 0x00000000f7100000| Complete 
| 370|0x00000000f7200000, 0x00000000f7300000, 0x00000000f7300000|100%| E|CS|TAMS 0x00000000f7200000, 0x00000000f7200000| Complete 
| 371|0x00000000f7300000, 0x00000000f7400000, 0x00000000f7400000|100%| E|CS|TAMS 0x00000000f7300000, 0x00000000f7300000| Complete 
| 372|0x00000000f7400000, 0x00000000f7500000, 0x00000000f7500000|100%| E|CS|TAMS 0x00000000f7400000, 0x00000000f7400000| Complete 
| 373|0x00000000f7500000, 0x00000000f7600000, 0x00000000f7600000|100%| E|CS|TAMS 0x00000000f7500000, 0x00000000f7500000| Complete 
| 374|0x00000000f7600000, 0x00000000f7700000, 0x00000000f7700000|100%| E|CS|TAMS 0x00000000f7600000, 0x00000000f7600000| Complete 
| 375|0x00000000f7700000, 0x00000000f7800000, 0x00000000f7800000|100%| E|  |TAMS 0x00000000f7700000, 0x00000000f7700000| Complete 
| 376|0x00000000f7800000, 0x00000000f7900000, 0x00000000f7900000|100%| E|CS|TAMS 0x00000000f7800000, 0x00000000f7800000| Complete 
| 377|0x00000000f7900000, 0x00000000f7a00000, 0x00000000f7a00000|100%| E|CS|TAMS 0x00000000f7900000, 0x00000000f7900000| Complete 
| 378|0x00000000f7a00000, 0x00000000f7b00000, 0x00000000f7b00000|100%| E|CS|TAMS 0x00000000f7a00000, 0x00000000f7a00000| Complete 
| 379|0x00000000f7b00000, 0x00000000f7c00000, 0x00000000f7c00000|100%| E|CS|TAMS 0x00000000f7b00000, 0x00000000f7b00000| Complete 
| 380|0x00000000f7c00000, 0x00000000f7d00000, 0x00000000f7d00000|100%| E|CS|TAMS 0x00000000f7c00000, 0x00000000f7c00000| Complete 

Card table byte_map: [0x00000266f4d50000,0x00000266f4e50000] _byte_map_base: 0x00000266f4650000

Marking Bits (Prev, Next): (CMBitMap*) 0x00000266dc81eff0, (CMBitMap*) 0x00000266dc81efb8
 Prev Bits: [0x00000266f5750000, 0x00000266f5f50000)
 Next Bits: [0x00000266f4f50000, 0x00000266f5750000)

Polling page: 0x00000266dc5e0000

Metaspace:

Usage:
  Non-class:    123.49 MB capacity,   120.39 MB ( 97%) used,     2.60 MB (  2%) free+waste,   518.19 KB ( <1%) overhead. 
      Class:     18.68 MB capacity,    16.74 MB ( 90%) used,     1.72 MB (  9%) free+waste,   236.25 KB (  1%) overhead. 
       Both:    142.18 MB capacity,   137.13 MB ( 96%) used,     4.31 MB (  3%) free+waste,   754.44 KB ( <1%) overhead. 

Virtual space:
  Non-class space:      124.00 MB reserved,     123.50 MB (>99%) committed 
      Class space:      248.00 MB reserved,      18.70 MB (  8%) committed 
             Both:      372.00 MB reserved,     142.20 MB ( 38%) committed 

Chunk freelists:
   Non-Class:  768 bytes
       Class:  0 bytes
        Both:  768 bytes

CodeHeap 'non-profiled nmethods': size=120064Kb used=20286Kb max_used=20684Kb free=99777Kb
 bounds [0x00000266ed0e0000, 0x00000266ee520000, 0x00000266f4620000]
CodeHeap 'profiled nmethods': size=120000Kb used=58348Kb max_used=58348Kb free=61651Kb
 bounds [0x00000266e5bb0000, 0x00000266e94e0000, 0x00000266ed0e0000]
CodeHeap 'non-nmethods': size=5696Kb used=2368Kb max_used=2433Kb free=3327Kb
 bounds [0x00000266e5620000, 0x00000266e5890000, 0x00000266e5bb0000]
 total_blobs=27646 nmethods=26642 adapters=914
 compilation: enabled
              stopped_count=0, restarted_count=0
 full_count=0

Compilation events (10 events):
Event: 700.100 Thread 0x00000266f8596000 32237       3       com.android.builder.dexing.r8.CachingArchiveClassFileProvider::<init> (17 bytes)
Event: 700.101 Thread 0x00000266f8596000 nmethod 32237 0x00000266e94cbf90 code [0x00000266e94cc180, 0x00000266e94cc648]
Event: 700.101 Thread 0x00000266f8596000 32238       3       com.android.tools.r8.ArchiveClassFileProvider::<init> (12 bytes)
Event: 700.101 Thread 0x00000266f8596000 nmethod 32238 0x00000266e94cc810 code [0x00000266e94cc9c0, 0x00000266e94ccc48]
Event: 700.205 Thread 0x00000266f8596000 32239       3       com.google.common.io.Files::asByteSource (10 bytes)
Event: 700.206 Thread 0x00000266f8596000 nmethod 32239 0x00000266e94ccd90 code [0x00000266e94ccf60, 0x00000266e94cd3c8]
Event: 700.206 Thread 0x00000266f8596000 32240       3       com.google.common.io.Files$FileByteSource::openStream (5 bytes)
Event: 700.206 Thread 0x00000266f8596000 nmethod 32240 0x00000266e94cd590 code [0x00000266e94cd740, 0x00000266e94cd948]
Event: 700.206 Thread 0x00000266f8596000 32241       3       com.google.common.io.Files$FileByteSource::openStream (12 bytes)
Event: 700.206 Thread 0x00000266f8596000 nmethod 32241 0x00000266e94cda10 code [0x00000266e94cdbc0, 0x00000266e94cdd68]

GC Heap History (10 events):
Event: 697.359 GC heap before
{Heap before GC invocations=130 (full 0):
 garbage-first heap   total 390144K, used 327821K [0x00000000e0000000, 0x0000000100000000)
  region size 1024K, 43 young (44032K), 5 survivors (5120K)
 Metaspace       used 139600K, capacity 144799K, committed 145100K, reserved 380928K
  class space    used 17089K, capacity 19082K, committed 19148K, reserved 253952K
}
Event: 697.394 GC heap after
{Heap after GC invocations=131 (full 0):
 garbage-first heap   total 390144K, used 291944K [0x00000000e0000000, 0x0000000100000000)
  region size 1024K, 4 young (4096K), 4 survivors (4096K)
 Metaspace       used 139600K, capacity 144799K, committed 145100K, reserved 380928K
  class space    used 17089K, capacity 19082K, committed 19148K, reserved 253952K
}
Event: 697.614 GC heap before
{Heap before GC invocations=131 (full 0):
 garbage-first heap   total 390144K, used 307304K [0x00000000e0000000, 0x0000000100000000)
  region size 1024K, 19 young (19456K), 4 survivors (4096K)
 Metaspace       used 139786K, capacity 145001K, committed 145100K, reserved 380928K
  class space    used 17091K, capacity 19084K, committed 19148K, reserved 253952K
}
Event: 697.729 GC heap after
{Heap after GC invocations=132 (full 0):
 garbage-first heap   total 390144K, used 278562K [0x00000000e0000000, 0x0000000100000000)
  region size 1024K, 2 young (2048K), 2 survivors (2048K)
 Metaspace       used 139786K, capacity 145001K, committed 145100K, reserved 380928K
  class space    used 17091K, capacity 19084K, committed 19148K, reserved 253952K
}
Event: 697.815 GC heap before
{Heap before GC invocations=132 (full 0):
 garbage-first heap   total 390144K, used 285730K [0x00000000e0000000, 0x0000000100000000)
  region size 1024K, 10 young (10240K), 2 survivors (2048K)
 Metaspace       used 139805K, capacity 145001K, committed 145100K, reserved 380928K
  class space    used 17091K, capacity 19084K, committed 19148K, reserved 253952K
}
Event: 697.835 GC heap after
{Heap after GC invocations=133 (full 0):
 garbage-first heap   total 390144K, used 280017K [0x00000000e0000000, 0x0000000100000000)
  region size 1024K, 4 young (4096K), 4 survivors (4096K)
 Metaspace       used 139805K, capacity 145001K, committed 145100K, reserved 380928K
  class space    used 17091K, capacity 19084K, committed 19148K, reserved 253952K
}
Event: 698.890 GC heap before
{Heap before GC invocations=133 (full 0):
 garbage-first heap   total 390144K, used 327121K [0x00000000e0000000, 0x0000000100000000)
  region size 1024K, 44 young (45056K), 4 survivors (4096K)
 Metaspace       used 140320K, capacity 145512K, committed 145612K, reserved 380928K
  class space    used 17134K, capacity 19127K, committed 19148K, reserved 253952K
}
Event: 698.903 GC heap after
{Heap after GC invocations=134 (full 0):
 garbage-first heap   total 390144K, used 286135K [0x00000000e0000000, 0x0000000100000000)
  region size 1024K, 6 young (6144K), 6 survivors (6144K)
 Metaspace       used 140320K, capacity 145512K, committed 145612K, reserved 380928K
  class space    used 17134K, capacity 19127K, committed 19148K, reserved 253952K
}
Event: 700.006 GC heap before
{Heap before GC invocations=135 (full 0):
 garbage-first heap   total 390144K, used 332215K [0x00000000e0000000, 0x0000000100000000)
  region size 1024K, 44 young (45056K), 6 survivors (6144K)
 Metaspace       used 140401K, capacity 145589K, committed 145612K, reserved 380928K
  class space    used 17137K, capacity 19131K, committed 19148K, reserved 253952K
}
Event: 700.026 GC heap after
{Heap after GC invocations=136 (full 0):
 garbage-first heap   total 390144K, used 288728K [0x00000000e0000000, 0x0000000100000000)
  region size 1024K, 4 young (4096K), 4 survivors (4096K)
 Metaspace       used 140401K, capacity 145589K, committed 145612K, reserved 380928K
  class space    used 17137K, capacity 19131K, committed 19148K, reserved 253952K
}

Deoptimization events (10 events):
Event: 698.880 Thread 0x000002668317f000 Uncommon trap: reason=unstable_if action=reinterpret pc=0x00000266ee10e898 method=com.android.tools.r8.graph.i1.a(Lcom/android/tools/r8/graph/r0;)Lcom/android/tools/r8/graph/J; @ 124 c2
Event: 698.880 Thread 0x000002668317f000 Uncommon trap: reason=class_check action=maybe_recompile pc=0x00000266edb0eac4 method=com.android.tools.r8.graph.n0.a(Lcom/android/tools/r8/graph/J;)Lcom/android/tools/r8/graph/n0; @ 5 c2
Event: 698.880 Thread 0x000002668317f000 Uncommon trap: reason=class_check action=maybe_recompile pc=0x00000266edb0eac4 method=com.android.tools.r8.graph.n0.a(Lcom/android/tools/r8/graph/J;)Lcom/android/tools/r8/graph/n0; @ 5 c2
Event: 698.880 Thread 0x000002668317f000 Uncommon trap: reason=unstable_if action=reinterpret pc=0x00000266ee0f9ffc method=com.android.tools.r8.graph.i1.a(Lcom/android/tools/r8/graph/r0;)Lcom/android/tools/r8/graph/J; @ 124 c2
Event: 698.880 Thread 0x000002668317f000 Uncommon trap: reason=class_check action=maybe_recompile pc=0x00000266edb0eac4 method=com.android.tools.r8.graph.n0.a(Lcom/android/tools/r8/graph/J;)Lcom/android/tools/r8/graph/n0; @ 5 c2
Event: 698.880 Thread 0x000002668317f000 Uncommon trap: reason=class_check action=maybe_recompile pc=0x00000266edb0eac4 method=com.android.tools.r8.graph.n0.a(Lcom/android/tools/r8/graph/J;)Lcom/android/tools/r8/graph/n0; @ 5 c2
Event: 698.986 Thread 0x0000026683181800 Uncommon trap: reason=bimorphic_or_optimized_type_check action=maybe_recompile pc=0x00000266edb16b80 method=java.util.Map.getOrDefault(Ljava/lang/Object;Ljava/lang/Object;)Ljava/lang/Object; @ 14 c2
Event: 698.986 Thread 0x0000026683181800 Uncommon trap: reason=bimorphic_or_optimized_type_check action=maybe_recompile pc=0x00000266edb16b80 method=java.util.Map.getOrDefault(Ljava/lang/Object;Ljava/lang/Object;)Ljava/lang/Object; @ 14 c2
Event: 699.217 Thread 0x000002668317f000 Uncommon trap: reason=class_check action=maybe_recompile pc=0x00000266ee3da0ac method=org.gradle.internal.execution.steps.IdentityCacheStep.executeDeferred(Lorg/gradle/internal/execution/UnitOfWork;Lorg/gradle/internal/execution/steps/IdentityContext;Lorg
Event: 699.904 Thread 0x0000026683181800 Uncommon trap: reason=class_check action=maybe_recompile pc=0x00000266ee3da0ac method=org.gradle.internal.execution.steps.IdentityCacheStep.executeDeferred(Lorg/gradle/internal/execution/UnitOfWork;Lorg/gradle/internal/execution/steps/IdentityContext;Lorg

Classes redefined (0 events):
No events

Internal exceptions (10 events):
Event: 698.990 Thread 0x000002668317f000 Exception <a 'sun/nio/fs/WindowsException'{0x00000000f7c85378}> (0x00000000f7c85378) thrown at [./open/src/hotspot/share/prims/jni.cpp, line 611]
Event: 699.122 Thread 0x0000026683181800 Exception <a 'java/lang/NoSuchMethodError'{0x00000000f76377e8}: java.lang.invoke.DirectMethodHandle$Holder.invokeStatic(Ljava/lang/Object;ILjava/lang/Object;)V> (0x00000000f76377e8) thrown at [./open/src/hotspot/share/interpreter/linkResolver.cpp, line 77
Event: 699.512 Thread 0x0000026683181800 Exception <a 'sun/nio/fs/WindowsException'{0x00000000f699d0c8}> (0x00000000f699d0c8) thrown at [./open/src/hotspot/share/prims/jni.cpp, line 611]
Event: 699.684 Thread 0x00000266fb39b000 Exception <a 'sun/nio/fs/WindowsException'{0x00000000f6032be8}> (0x00000000f6032be8) thrown at [./open/src/hotspot/share/prims/jni.cpp, line 611]
Event: 699.853 Thread 0x0000026683181800 Exception <a 'sun/nio/fs/WindowsException'{0x00000000f5ff3fe8}> (0x00000000f5ff3fe8) thrown at [./open/src/hotspot/share/prims/jni.cpp, line 611]
Event: 699.853 Thread 0x0000026683181800 Exception <a 'sun/nio/fs/WindowsException'{0x00000000f5ff4ed0}> (0x00000000f5ff4ed0) thrown at [./open/src/hotspot/share/prims/jni.cpp, line 611]
Event: 699.861 Thread 0x0000026683185000 Exception <a 'sun/nio/fs/WindowsException'{0x00000000f5d01b10}> (0x00000000f5d01b10) thrown at [./open/src/hotspot/share/prims/jni.cpp, line 611]
Event: 699.861 Thread 0x0000026683185000 Exception <a 'sun/nio/fs/WindowsException'{0x00000000f5d01d70}> (0x00000000f5d01d70) thrown at [./open/src/hotspot/share/prims/jni.cpp, line 611]
Event: 699.862 Thread 0x0000026683185000 Exception <a 'sun/nio/fs/WindowsException'{0x00000000f5d02160}> (0x00000000f5d02160) thrown at [./open/src/hotspot/share/prims/jni.cpp, line 611]
Event: 699.862 Thread 0x0000026683185000 Exception <a 'sun/nio/fs/WindowsException'{0x00000000f5d02610}> (0x00000000f5d02610) thrown at [./open/src/hotspot/share/prims/jni.cpp, line 611]

Events (10 events):
Event: 699.841 Thread 0x0000026683181800 DEOPT UNPACKING pc=0x00000266e5646dde sp=0x0000007803cfbc90 mode 0
Event: 699.841 Thread 0x0000026683181800 DEOPT PACKING pc=0x00000266e7532f84 sp=0x0000007803cfcd00
Event: 699.841 Thread 0x0000026683181800 DEOPT UNPACKING pc=0x00000266e5646dde sp=0x0000007803cfc2b0 mode 0
Event: 699.841 Thread 0x0000026683181800 DEOPT PACKING pc=0x00000266e65c3354 sp=0x0000007803cfe6d0
Event: 699.841 Thread 0x0000026683181800 DEOPT UNPACKING pc=0x00000266e5646dde sp=0x0000007803cfdc58 mode 0
Event: 699.904 Thread 0x0000026683181800 Uncommon trap: trap_request=0xffffffde fr.pc=0x00000266ee3da0ac relative=0x0000000000000ccc
Event: 699.904 Thread 0x0000026683181800 DEOPT PACKING pc=0x00000266ee3da0ac sp=0x0000007803cfd850
Event: 699.904 Thread 0x0000026683181800 DEOPT UNPACKING pc=0x00000266e564662f sp=0x0000007803cfd790 mode 2
Event: 700.006 Executing VM operation: G1CollectForAllocation
Event: 700.026 Executing VM operation: G1CollectForAllocation done


Dynamic libraries:
0x00007ff7b4da0000 - 0x00007ff7b4daf000 	C:\Program Files\Java\jdk-11.0.13\bin\java.exe
0x00007fffb8030000 - 0x00007fffb8225000 	C:\WINDOWS\SYSTEM32\ntdll.dll
0x00007fffb7280000 - 0x00007fffb733e000 	C:\WINDOWS\System32\KERNEL32.DLL
0x00007fffb5790000 - 0x00007fffb5a58000 	C:\WINDOWS\System32\KERNELBASE.dll
0x00007fffb5a60000 - 0x00007fffb5b60000 	C:\WINDOWS\System32\ucrtbase.dll
0x00007fffa0d30000 - 0x00007fffa0d45000 	C:\Program Files\Java\jdk-11.0.13\bin\VCRUNTIME140.dll
0x00007fffa0d50000 - 0x00007fffa0d68000 	C:\Program Files\Java\jdk-11.0.13\bin\jli.dll
0x00007fffb62e0000 - 0x00007fffb638e000 	C:\WINDOWS\System32\ADVAPI32.dll
0x00007fffb7a10000 - 0x00007fffb7aae000 	C:\WINDOWS\System32\msvcrt.dll
0x00007fffb7150000 - 0x00007fffb71ec000 	C:\WINDOWS\System32\sechost.dll
0x00007fffb7020000 - 0x00007fffb7145000 	C:\WINDOWS\System32\RPCRT4.dll
0x00007fffb7ac0000 - 0x00007fffb7c60000 	C:\WINDOWS\System32\USER32.dll
0x00007fffb5fc0000 - 0x00007fffb5fe2000 	C:\WINDOWS\System32\win32u.dll
0x00007fffb7760000 - 0x00007fffb778b000 	C:\WINDOWS\System32\GDI32.dll
0x00007fff9e670000 - 0x00007fff9e90a000 	C:\WINDOWS\WinSxS\amd64_microsoft.windows.common-controls_6595b64144ccf1df_6.0.19041.1110_none_60b5254171f9507e\COMCTL32.dll
0x00007fffb5ca0000 - 0x00007fffb5dad000 	C:\WINDOWS\System32\gdi32full.dll
0x00007fffb5c00000 - 0x00007fffb5c9d000 	C:\WINDOWS\System32\msvcp_win.dll
0x00007fffabf90000 - 0x00007fffabf9a000 	C:\WINDOWS\SYSTEM32\VERSION.dll
0x00007fffb7730000 - 0x00007fffb7760000 	C:\WINDOWS\System32\IMM32.DLL
0x00007fff9fb10000 - 0x00007fff9fbab000 	C:\Program Files\Java\jdk-11.0.13\bin\msvcp140.dll
0x00007fff6dcd0000 - 0x00007fff6e7e3000 	C:\Program Files\Java\jdk-11.0.13\bin\server\jvm.dll
0x00007fffb7ab0000 - 0x00007fffb7ab8000 	C:\WINDOWS\System32\PSAPI.DLL
0x00007fffaa5e0000 - 0x00007fffaa607000 	C:\WINDOWS\SYSTEM32\WINMM.dll
0x00007fffae320000 - 0x00007fffae329000 	C:\WINDOWS\SYSTEM32\WSOCK32.dll
0x00007fffb71f0000 - 0x00007fffb725b000 	C:\WINDOWS\System32\WS2_32.dll
0x00007fffb3550000 - 0x00007fffb3562000 	C:\WINDOWS\SYSTEM32\kernel.appcore.dll
0x00007fffa90b0000 - 0x00007fffa90c0000 	C:\Program Files\Java\jdk-11.0.13\bin\verify.dll
0x00007fffaf3f0000 - 0x00007fffaf5d4000 	C:\WINDOWS\SYSTEM32\DBGHELP.DLL
0x00007fffae9e0000 - 0x00007fffaea0c000 	C:\WINDOWS\SYSTEM32\dbgcore.DLL
0x00007fffb5ff0000 - 0x00007fffb6072000 	C:\WINDOWS\System32\bcryptPrimitives.dll
0x00007fffa0d00000 - 0x00007fffa0d28000 	C:\Program Files\Java\jdk-11.0.13\bin\java.dll
0x00007fffa8040000 - 0x00007fffa804a000 	C:\Program Files\Java\jdk-11.0.13\bin\jimage.dll
0x00007fffa08a0000 - 0x00007fffa08b6000 	C:\Program Files\Java\jdk-11.0.13\bin\zip.dll
0x00007fffb6390000 - 0x00007fffb6ad4000 	C:\WINDOWS\System32\SHELL32.dll
0x00007fffb3830000 - 0x00007fffb3fc4000 	C:\WINDOWS\SYSTEM32\windows.storage.dll
0x00007fffb73d0000 - 0x00007fffb7725000 	C:\WINDOWS\System32\combase.dll
0x00007fffb5120000 - 0x00007fffb514e000 	C:\WINDOWS\SYSTEM32\Wldp.dll
0x00007fffb7c60000 - 0x00007fffb7d0d000 	C:\WINDOWS\System32\SHCORE.dll
0x00007fffb7d90000 - 0x00007fffb7de5000 	C:\WINDOWS\System32\shlwapi.dll
0x00007fffb5680000 - 0x00007fffb569f000 	C:\WINDOWS\SYSTEM32\profapi.dll
0x00007fffa0880000 - 0x00007fffa0899000 	C:\Program Files\Java\jdk-11.0.13\bin\net.dll
0x00007fffac820000 - 0x00007fffac92c000 	C:\WINDOWS\SYSTEM32\WINHTTP.dll
0x00007fffb4e20000 - 0x00007fffb4e8a000 	C:\WINDOWS\system32\mswsock.dll
0x00007fffa0860000 - 0x00007fffa0872000 	C:\Program Files\Java\jdk-11.0.13\bin\nio.dll
0x00007fff9fda0000 - 0x00007fff9fdc7000 	C:\Users\Hamza\.gradle\native\e1d6ef7f7dcc3fd88c89a11ec53ec762bb8ba0a96d01ffa2cd45eb1d1d8dd5c5\windows-amd64\native-platform.dll
0x00007fff87dc0000 - 0x00007fff87f04000 	C:\Users\Hamza\.gradle\native\5664cfc778a61ccfe75a443a1ab52a65af34e5dc3c78e0209fed803814484fcb\windows-amd64\native-platform-file-events.dll
0x00007fffa7590000 - 0x00007fffa7599000 	C:\Program Files\Java\jdk-11.0.13\bin\management.dll
0x00007fffa7200000 - 0x00007fffa720b000 	C:\Program Files\Java\jdk-11.0.13\bin\management_ext.dll
0x00007fffb5010000 - 0x00007fffb5028000 	C:\WINDOWS\SYSTEM32\CRYPTSP.dll
0x00007fffb47a0000 - 0x00007fffb47d4000 	C:\WINDOWS\system32\rsaenh.dll
0x00007fffb5bd0000 - 0x00007fffb5bf7000 	C:\WINDOWS\System32\bcrypt.dll
0x00007fffb5600000 - 0x00007fffb562e000 	C:\WINDOWS\SYSTEM32\USERENV.dll
0x00007fffb5030000 - 0x00007fffb503c000 	C:\WINDOWS\SYSTEM32\CRYPTBASE.dll
0x00007fffb4b10000 - 0x00007fffb4b4b000 	C:\WINDOWS\SYSTEM32\IPHLPAPI.DLL
0x00007fffb6ae0000 - 0x00007fffb6ae8000 	C:\WINDOWS\System32\NSI.dll
0x00007fffae980000 - 0x00007fffae997000 	C:\WINDOWS\SYSTEM32\dhcpcsvc6.DLL
0x00007fffaf7a0000 - 0x00007fffaf7bd000 	C:\WINDOWS\SYSTEM32\dhcpcsvc.DLL
0x00007fffb4b50000 - 0x00007fffb4c1b000 	C:\WINDOWS\SYSTEM32\DNSAPI.dll
0x00007fffb4430000 - 0x00007fffb4463000 	C:\WINDOWS\SYSTEM32\ntmarta.dll
0x00007fffa1690000 - 0x00007fffa16ae000 	C:\Users\Hamza\AppData\Local\Temp\native-platform17294984865518676611dir\native-platform.dll
0x00007fffa71a0000 - 0x00007fffa71a7000 	C:\Program Files\Java\jdk-11.0.13\bin\rmi.dll

dbghelp: loaded successfully - version: 4.0.5 - missing functions: none
symbol engine: initialized successfully - sym options: 0x614 - pdb path: .;C:\Program Files\Java\jdk-11.0.13\bin;C:\WINDOWS\SYSTEM32;C:\WINDOWS\WinSxS\amd64_microsoft.windows.common-controls_6595b64144ccf1df_6.0.19041.1110_none_60b5254171f9507e;C:\Program Files\Java\jdk-11.0.13\bin\server;C:\Users\Hamza\.gradle\native\e1d6ef7f7dcc3fd88c89a11ec53ec762bb8ba0a96d01ffa2cd45eb1d1d8dd5c5\windows-amd64;C:\Users\Hamza\.gradle\native\5664cfc778a61ccfe75a443a1ab52a65af34e5dc3c78e0209fed803814484fcb\windows-amd64;C:\Users\Hamza\AppData\Local\Temp\native-platform17294984865518676611dir

VM Arguments:
jvm_args: --add-opens=java.base/java.util=ALL-UNNAMED --add-opens=java.base/java.lang=ALL-UNNAMED --add-opens=java.base/java.lang.invoke=ALL-UNNAMED --add-opens=java.base/java.util=ALL-UNNAMED --add-opens=java.prefs/java.util.prefs=ALL-UNNAMED --add-opens=java.prefs/java.util.prefs=ALL-UNNAMED --add-opens=java.base/java.nio.charset=ALL-UNNAMED --add-opens=java.base/java.net=ALL-UNNAMED --add-opens=java.base/java.util.concurrent.atomic=ALL-UNNAMED -XX:MaxMetaspaceSize=256m -XX:+HeapDumpOnOutOfMemoryError -Xms256m -Xmx512m -Dfile.encoding=windows-1254 -Duser.country=TR -Duser.language=tr -Duser.variant 
java_command: org.gradle.launcher.daemon.bootstrap.GradleDaemon 7.2
java_class_path (initial): C:\Users\Hamza\.gradle\wrapper\dists\gradle-7.2-all\260hg96vuh6ex27h9vo47iv4d\gradle-7.2\lib\gradle-launcher-7.2.jar
Launcher Type: SUN_STANDARD

[Global flags]
     intx CICompilerCount                          = 3                                         {product} {ergonomic}
   size_t CompressedClassSpaceSize                 = 260046848                                 {product} {ergonomic}
     uint ConcGCThreads                            = 1                                         {product} {ergonomic}
     uint G1ConcRefinementThreads                  = 4                                         {product} {ergonomic}
   size_t G1HeapRegionSize                         = 1048576                                   {product} {ergonomic}
    uintx GCDrainStackTargetSize                   = 64                                        {product} {ergonomic}
     bool HeapDumpOnOutOfMemoryError               = true                                   {manageable} {command line}
   size_t InitialHeapSize                          = 268435456                                 {product} {command line}
   size_t MarkStackSize                            = 4194304                                   {product} {ergonomic}
   size_t MaxHeapSize                              = 536870912                                 {product} {command line}
   size_t MaxMetaspaceSize                         = 268435456                                 {product} {command line}
   size_t MaxNewSize                               = 321912832                                 {product} {ergonomic}
   size_t MinHeapDeltaBytes                        = 1048576                                   {product} {ergonomic}
    uintx NonNMethodCodeHeapSize                   = 5830732                                {pd product} {ergonomic}
    uintx NonProfiledCodeHeapSize                  = 122913754                              {pd product} {ergonomic}
    uintx ProfiledCodeHeapSize                     = 122913754                              {pd product} {ergonomic}
    uintx ReservedCodeCacheSize                    = 251658240                              {pd product} {ergonomic}
     bool SegmentedCodeCache                       = true                                      {product} {ergonomic}
     bool UseCompressedClassPointers               = true                                 {lp64_product} {ergonomic}
     bool UseCompressedOops                        = true                                 {lp64_product} {ergonomic}
     bool UseG1GC                                  = true                                      {product} {ergonomic}
     bool UseLargePagesIndividualAllocation        = false                                  {pd product} {ergonomic}

Logging:
Log output configuration:
 #0: stdout all=warning uptime,level,tags
 #1: stderr all=off uptime,level,tags

Environment Variables:
CLASSPATH=C:\Users\Hamza\Downloads\banane\android\\gradle\wrapper\gradle-wrapper.jar
PATH=C:\Users\Hamza\Downloads\banane\android\node_modules\.bin;C:\Users\Hamza\Downloads\banane\node_modules\.bin;C:\Users\Hamza\Downloads\node_modules\.bin;C:\Users\Hamza\node_modules\.bin;C:\Users\node_modules\.bin;C:\node_modules\.bin;C:\Program Files\nodejs;C:\Users\Hamza\Downloads\banane\node_modules\.bin;C:\Users\Hamza\Downloads\node_modules\.bin;C:\Users\Hamza\node_modules\.bin;C:\Users\node_modules\.bin;C:\node_modules\.bin;C:\Users\Hamza\AppData\Roaming\npm\node_modules\npm\node_modules\@npmcli\run-script\lib\node-gyp-bin;C:\Program Files\Common Files\Oracle\Java\javapath;C:\WINDOWS\system32;C:\WINDOWS;C:\WINDOWS\System32\Wbem;C:\WINDOWS\System32\WindowsPowerShell\v1.0\;C:\WINDOWS\System32\OpenSSH\;C:\Program Files\nodejs\;C:\Program Files\Java\jdk-11.0.13\bin;C:\Program Files\Git\cmd;C:\Users\Hamza\AppData\Local\Android\Sdk;C:\Users\Hamza\AppData\Local\Android\Sdk\platform-tools;C:\Hugo\bin;C:\Program Files\dotnet\;C:\Program Files\MongoDB\Server\5.0\bin;C:\Ruby30-x64\bin;C:\Users\Hamza\AppData\Local\Microsoft\WindowsApps;C:\Users\Hamza\AppData\Roaming\npm;C:\Users\Hamza\AppData\Local\Programs\Microsoft VS Code\bin;C:\Users\Hamza\AppData\Local\GitHubDesktop\bin;C:\Users\Hamza\AppData\Local\Programs\mongosh\;C:\Users\Hamza\Downloads\banane\node_modules\.bin
USERNAME=Hamza
OS=Windows_NT
PROCESSOR_IDENTIFIER=Intel64 Family 6 Model 69 Stepping 1, GenuineIntel



---------------  S Y S T E M  ---------------

OS: Windows 10 , 64 bit Build 19041 (10.0.19041.1503)

CPU:total 4 (initial active 4) (2 cores per cpu, 2 threads per core) family 6 model 69 stepping 1 microcode 0x25, cmov, cx8, fxsr, mmx, sse, sse2, sse3, ssse3, sse4.1, sse4.2, popcnt, avx, avx2, aes, clmul, erms, lzcnt, ht, tsc, tscinvbit, bmi1, bmi2, fma

Memory: 4k page, system-wide physical 8112M (513M free)
TotalPageFile size 16304M (AvailPageFile size 7146M)
current process WorkingSet (physical memory assigned to process): 819M, peak: 820M
current process commit charge ("private bytes"): 850M, peak: 851M

vm_info: Java HotSpot(TM) 64-Bit Server VM (11.0.13+10-LTS-370) for windows-amd64 JRE (11.0.13+10-LTS-370), built on Sep 15 2021 22:10:36 by "mach5one" with MS VC++ 15.9 (VS2017)

END.
